Command: vcs -kdb -R -full64 -sverilog +v2k +notimingcheck -debug_acc +nospecify \
+vcs+flush+all -debug_access -l compile.log ./testbench/tb_adder.sv ../../RTL/adder/RCA32.v \
../../RTL/adder/CLA32.v ../../RTL/adder/MCLA32.v ../../RTL/adder/FA.v ../../RTL/adder/HA.v \
+define+CLA32
*** Using c compiler gcc instead of cc ...
                         Chronologic VCS (TM)
         Version V-2023.12_Full64 -- Thu Mar 27 13:39:42 2025

                    Copyright (c) 1991 - 2023 Synopsys, Inc.
   This software and the associated documentation are proprietary to Synopsys,
 Inc. This software may only be used in accordance with the terms and conditions
 of a written license agreement with Synopsys, Inc. All other use, reproduction,
   or distribution of this software is strictly prohibited.  Licensed Products
     communicate with Synopsys servers for the purpose of providing software
    updates, detecting software piracy and verifying that customers are using
    Licensed Products in conformity with the applicable License Key for such
  Licensed Products. Synopsys will use information gathered in connection with
    this process to deliver software updates and pursue software pirates and
                                   infringers.

 Inclusivity & Diversity - Visit SolvNetPlus to read the "Synopsys Statement on
            Inclusivity and Diversity" (Refer to article 000036315 at
                        https://solvnetplus.synopsys.com)

Parsing design file './testbench/tb_adder.sv'
Parsing design file '../../RTL/adder/RCA32.v'
Parsing design file '../../RTL/adder/CLA32.v'
Parsing design file '../../RTL/adder/MCLA32.v'
Parsing design file '../../RTL/adder/FA.v'
Parsing design file '../../RTL/adder/HA.v'
Top Level Modules:
       tb_adder
       RCA32
       CLA4
       MCLA32
TimeScale is 1 ns / 100 ps
Starting vcs inline pass...

7 modules and 0 UDP read.
recompiling module tb_adder
recompiling module RCA32
recompiling module CLA8
recompiling module CLA4
recompiling module MCLA32
recompiling module MCLA8
6 of 7 modules done
	However, due to incremental compilation, only 6 modules need to be compiled. 
make[1]: Entering directory '/home/jorjor/Projects/mips/SIM/nonpipe/csrc'
rm -f _cuarc*.so _csrc*.so pre_vcsobj_*.so share_vcsobj_*.so
if [ -x ../simv ]; then chmod a-x ../simv; fi
g++  -o ../simv      -rdynamic  -Wl,-rpath='$ORIGIN'/simv.daidir -Wl,-rpath=./simv.daidir \
-Wl,-rpath=/usr/cad/synopsys/vcs/2023.12/linux64/lib -L/usr/cad/synopsys/vcs/2023.12/linux64/lib \
-Wl,-rpath-link=./  /usr/lib64/libnuma.so.1   objs/amcQw_d.o   _623059_archive_1.so \
_prev_archive_1.so   SIM_l.o      rmapats_mop.o rmapats.o rmar.o rmar_nd.o  rmar_llvm_0_1.o \
rmar_llvm_0_0.o            -lvirsim -lerrorinf -lsnpsmalloc -lvfs    -lvcsnew -lsimprofile \
-luclinative /usr/cad/synopsys/vcs/2023.12/linux64/lib/vcs_tls.o   -Wl,-whole-archive \
-lvcsucli    -Wl,-no-whole-archive        _vcs_pli_stub_.o   /usr/cad/synopsys/vcs/2023.12/linux64/lib/vcs_save_restore_new.o \
/usr/cad/synopsys/verdi/2023.12/share/PLI/VCS/LINUX64/pli.a -ldl  -lc -lm -lpthread \
-ldl 
../simv up to date
make[1]: Leaving directory '/home/jorjor/Projects/mips/SIM/nonpipe/csrc'
Command: /home/jorjor/Projects/mips/SIM/nonpipe/./simv +v2k +notimingcheck +nospecify +vcs+flush+all -a compile.log +define+CLA32
Chronologic VCS simulator copyright 1991-2023
Contains Synopsys proprietary information.
Compiler version V-2023.12_Full64; Runtime version V-2023.12_Full64;  Mar 27 13:39 2025
=========================================
============= Testing CLA32 =============
=========================================
*Verdi* Loading libsscore_vcs202312.so
FSDB Dumper for VCS, Release Verdi_V-2023.12, Linux x86_64/64bit, 11/15/2023
(C) 1996 - 2023 by Synopsys, Inc.
*Verdi* FSDB WARNING: The FSDB file already exists. Overwriting the FSDB file may crash the programs that are using this file.
*Verdi* : Create FSDB file 'novas.fsdb'
*Verdi* : Begin traversing the scopes, layer (0).
*Verdi* : End of traversing.
PASS  ! a =  303379748, b = 3230228097, cin = 1, {cout, sum} =  3533607846
PASS  ! a = 2985317987, b =  112818957, cin = 1, {cout, sum} =  3098136945
PASS  ! a = 2999092325, b = 2302104082, cin = 1, {cout, sum} =  5301196408
PASS  ! a =  114806029, b =  992211318, cin = 1, {cout, sum} =  1107017348
PASS  ! a = 1993627629, b = 1177417612, cin = 1, {cout, sum} =  3171045242
PASS  ! a = 3812041926, b = 3807872197, cin = 0, {cout, sum} =  7619914123
PASS  ! a = 1924134885, b = 3151131255, cin = 0, {cout, sum} =  5075266140
PASS  ! a = 1206705039, b = 2033215986, cin = 0, {cout, sum} =  3239921025
PASS  ! a = 4093672168, b = 3804909253, cin = 0, {cout, sum} =  7898581421
PASS  ! a = 3733858493, b = 2527811629, cin = 1, {cout, sum} =  6261670123
PASS  ! a = 2985255523, b =   91457290, cin = 0, {cout, sum} =  3076712813
PASS  ! a =  274997536, b = 1433945514, cin = 1, {cout, sum} =  1708943051
PASS  ! a = 3407888022, b = 2307110931, cin = 1, {cout, sum} =  5714998954
PASS  ! a = 2846348883, b =  899669355, cin = 1, {cout, sum} =  3746018239
PASS  ! a = 2165787138, b = 3612753582, cin = 1, {cout, sum} =  5778540721
PASS  ! a = 3888476879, b =  293882147, cin = 0, {cout, sum} =  4182359026
PASS  ! a = 3849521866, b = 2654030908, cin = 0, {cout, sum} =  6503552774
PASS  ! a = 1160667530, b =  549761857, cin = 0, {cout, sum} =  1710429387
PASS  ! a = 1008792440, b = 3297383049, cin = 1, {cout, sum} =  4306175490
PASS  ! a = 1526883766, b = 1665923526, cin = 0, {cout, sum} =  3192807292
PASS  ! a = 3732210364, b =  353361194, cin = 1, {cout, sum} =  4085571559
PASS  ! a = 3096952433, b = 1123172741, cin = 1, {cout, sum} =  4220125175
PASS  ! a = 2647416891, b =  486945594, cin = 0, {cout, sum} =  3134362485
PASS  ! a =  178932501, b = 2027527153, cin = 1, {cout, sum} =  2206459655
PASS  ! a =  824379234, b =  641071948, cin = 1, {cout, sum} =  1465451183
PASS  ! a = 1203347855, b = 2087561720, cin = 1, {cout, sum} =  3290909576
PASS  ! a = 3485750943, b = 2927465564, cin = 1, {cout, sum} =  6413216508
PASS  ! a = 1155413897, b = 2762879561, cin = 0, {cout, sum} =  3918293458
PASS  ! a = 3959341271, b = 2831678545, cin = 0, {cout, sum} =  6791019816
PASS  ! a =  102596364, b = 3777810114, cin = 0, {cout, sum} =  3880406478
PASS  ! a = 3145882231, b =  519236925, cin = 0, {cout, sum} =  3665119156
PASS  ! a = 3204776062, b =  921010541, cin = 1, {cout, sum} =  4125786604
PASS  ! a =  265457439, b = 3924555475, cin = 1, {cout, sum} =  4190012915
PASS  ! a = 3155462264, b =  769284443, cin = 1, {cout, sum} =  3924746708
PASS  ! a = 2683481663, b =  353152810, cin = 0, {cout, sum} =  3036634473
PASS  ! a = 3275700358, b = 3340373134, cin = 0, {cout, sum} =  6616073492
PASS  ! a = 2100664826, b = 2474490918, cin = 1, {cout, sum} =  4575155745
PASS  ! a = 3515593891, b = 2543429679, cin = 1, {cout, sum} =  6059023571
PASS  ! a = 2950190687, b =  573115716, cin = 1, {cout, sum} =  3523306404
PASS  ! a = 3852154571, b = 4077460198, cin = 0, {cout, sum} =  7929614769
PASS  ! a =  349159721, b = 4135772909, cin = 0, {cout, sum} =  4484932630
PASS  ! a = 2996811365, b = 3666535093, cin = 1, {cout, sum} =  6663346459
PASS  ! a = 1022433657, b =  573701956, cin = 0, {cout, sum} =  1596135613
PASS  ! a =  352914218, b = 1442229675, cin = 0, {cout, sum} =  1795143893
PASS  ! a = 1851633116, b = 3445537946, cin = 1, {cout, sum} =  5297171063
PASS  ! a = 3790668483, b =  722398550, cin = 0, {cout, sum} =  4513067033
PASS  ! a = 3017373287, b = 2234594314, cin = 0, {cout, sum} =  5251967601
PASS  ! a = 2618198584, b = 1020364665, cin = 0, {cout, sum} =  3638563249
PASS  ! a = 1249165204, b = 1237736851, cin = 0, {cout, sum} =  2486902055
PASS  ! a = 2897726041, b = 1842047451, cin = 1, {cout, sum} =  4739773493
PASS  ! a = 1823520729, b = 3064211053, cin = 0, {cout, sum} =  4887731782
PASS  ! a = 1698384330, b = 1528245686, cin = 1, {cout, sum} =  3226630017
PASS  ! a = 2735151686, b =   41196292, cin = 1, {cout, sum} =  2776347979
PASS  ! a =  882378601, b = 3664689844, cin = 0, {cout, sum} =  4547068445
PASS  ! a =  343726376, b = 2526020653, cin = 1, {cout, sum} =  2869747030
PASS  ! a = 2539428910, b = 2222449672, cin = 0, {cout, sum} =  4761878582
PASS  ! a = 4272400125, b =  345900841, cin = 0, {cout, sum} =  4618300966
PASS  ! a = 1127573382, b = 3979610330, cin = 1, {cout, sum} =  5107183713
PASS  ! a =  860792678, b = 3092628592, cin = 1, {cout, sum} =  3953421271
PASS  ! a = 1567726010, b =  792376158, cin = 0, {cout, sum} =  2360102168
PASS  ! a = 1787692501, b = 2368009754, cin = 1, {cout, sum} =  4155702256
PASS  ! a =  461857079, b = 1260861334, cin = 0, {cout, sum} =  1722718413
PASS  ! a =  321232678, b = 3678804662, cin = 1, {cout, sum} =  4000037341
PASS  ! a = 1851723740, b = 1130452870, cin = 0, {cout, sum} =  2982176610
PASS  ! a = 1062902654, b = 3985473755, cin = 1, {cout, sum} =  5048376410
PASS  ! a = 1022176121, b = 4247315706, cin = 1, {cout, sum} =  5269491828
PASS  ! a =  194251031, b = 3505748129, cin = 0, {cout, sum} =  3699999160
PASS  ! a = 2825098832, b = 2056018421, cin = 1, {cout, sum} =  4881117254
PASS  ! a = 2493155881, b = 1622242753, cin = 1, {cout, sum} =  4115398635
PASS  ! a = 3422663832, b =  632453963, cin = 1, {cout, sum} =  4055117796
PASS  ! a = 4129482476, b = 3310360202, cin = 0, {cout, sum} =  7439842678
PASS  ! a = 3561717928, b = 1419705769, cin = 1, {cout, sum} =  4981423698
PASS  ! a =  118208782, b = 4080297702, cin = 1, {cout, sum} =  4198506485
PASS  ! a =  355448106, b =  358227242, cin = 1, {cout, sum} =   713675349
PASS  ! a = 1333133214, b = 2624448056, cin = 1, {cout, sum} =  3957581271
PASS  ! a = 1684333512, b = 1696810442, cin = 1, {cout, sum} =  3381143955
PASS  ! a =  899729771, b = 3820465863, cin = 0, {cout, sum} =  4720195634
PASS  ! a = 1560649146, b = 1645652932, cin = 1, {cout, sum} =  3206302079
PASS  ! a = 1227871122, b = 3659963060, cin = 1, {cout, sum} =  4887834183
PASS  ! a = 3274936454, b = 2104358394, cin = 0, {cout, sum} =  5379294848
PASS  ! a =  423960882, b = 3738066621, cin = 0, {cout, sum} =  4162027503
PASS  ! a = 4064912612, b = 1698942922, cin = 1, {cout, sum} =  5763855535
PASS  ! a = 3499468961, b = 1197844878, cin = 1, {cout, sum} =  4697313840
PASS  ! a = 2246385163, b = 4152529135, cin = 1, {cout, sum} =  6398914299
PASS  ! a =  459334966, b = 3132180597, cin = 1, {cout, sum} =  3591515564
PASS  ! a =  902676331, b = 1147529096, cin = 0, {cout, sum} =  2050205427
PASS  ! a = 1307804059, b = 1228817810, cin = 0, {cout, sum} =  2536621869
PASS  ! a = 2525290541, b =  632774475, cin = 0, {cout, sum} =  3158065016
PASS  ! a = 2401039902, b =  112395533, cin = 0, {cout, sum} =  2513435435
PASS  ! a =  201563416, b = 1756240849, cin = 0, {cout, sum} =  1957804265
PASS  ! a = 2696946753, b = 2646565947, cin = 0, {cout, sum} =  5343512700
PASS  ! a =  703588691, b = 2870567510, cin = 1, {cout, sum} =  3574156202
PASS  ! a = 4050057954, b = 2188632580, cin = 1, {cout, sum} =  6238690535
PASS  ! a = 3964712152, b =  155077906, cin = 0, {cout, sum} =  4119790058
PASS  ! a = 2625704505, b = 4068980453, cin = 1, {cout, sum} =  6694684959
PASS  ! a =  361303851, b = 1083202945, cin = 0, {cout, sum} =  1444506796
PASS  ! a =  330650919, b = 1356200353, cin = 1, {cout, sum} =  1686851273
PASS  ! a = 2183281156, b =  741155672, cin = 0, {cout, sum} =  2924436828
PASS  ! a =  175018772, b = 2300163090, cin = 0, {cout, sum} =  2475181862
PASS  ! a = 3635208881, b =  717411669, cin = 1, {cout, sum} =  4352620551
PASS  ! a =  361442091, b = 2058427381, cin = 1, {cout, sum} =  2419869473
PASS  ! a = 2478907943, b = 1112145796, cin = 1, {cout, sum} =  3591053740
PASS  ! a = 4090996455, b = 3706687673, cin = 1, {cout, sum} =  7797684129
PASS  ! a = 1843772379, b = 1689915337, cin = 1, {cout, sum} =  3533687717
PASS  ! a = 3502005921, b =  356965674, cin = 0, {cout, sum} =  3858971595
PASS  ! a = 2732990533, b = 1101071747, cin = 0, {cout, sum} =  3834062280
PASS  ! a = 3108377714, b = 4283383038, cin = 0, {cout, sum} =  7391760752
PASS  ! a = 3084888687, b = 1128664454, cin = 0, {cout, sum} =  4213553141
PASS  ! a =  477206328, b =  544641344, cin = 0, {cout, sum} =  1021847672
PASS  ! a = 2064493046, b = 3804175045, cin = 0, {cout, sum} =  5868668091
PASS  ! a =  979525492, b =  484340025, cin = 0, {cout, sum} =  1463865517
PASS  ! a =  505186108, b =  354521898, cin = 0, {cout, sum} =   859708006
PASS  ! a =  183252245, b = 4038151905, cin = 1, {cout, sum} =  4221404151
PASS  ! a = 2710302275, b = 1689641929, cin = 0, {cout, sum} =  4399944204
PASS  ! a =  311937829, b = 1626774977, cin = 1, {cout, sum} =  1938712807
PASS  ! a = 2909266522, b =   64366343, cin = 0, {cout, sum} =  2973632865
PASS  ! a =  101342476, b = 3098404465, cin = 1, {cout, sum} =  3199746942
PASS  ! a = 1533076918, b = 4225745655, cin = 0, {cout, sum} =  5758822573
PASS  ! a = 2927122524, b =  716765013, cin = 0, {cout, sum} =  3643887537
PASS  ! a = 3490386592, b =  962595186, cin = 0, {cout, sum} =  4452981778
PASS  ! a = 1854600669, b = 2262626317, cin = 1, {cout, sum} =  4117226987
PASS  ! a = 3167502969, b = 3479427742, cin = 1, {cout, sum} =  6646930712
PASS  ! a = 3185627771, b = 1206023055, cin = 1, {cout, sum} =  4391650827
PASS  ! a = 1908484579, b =  244466461, cin = 1, {cout, sum} =  2152951041
PASS  ! a =  571580228, b = 3399269525, cin = 0, {cout, sum} =  3970849753
PASS  ! a = 4137777389, b =  695866706, cin = 0, {cout, sum} =  4833644095
PASS  ! a = 1188870029, b = 2841625682, cin = 0, {cout, sum} =  4030495711
PASS  ! a =  594214214, b = 3325727372, cin = 0, {cout, sum} =  3919941586
PASS  ! a =  199934231, b =  892166506, cin = 0, {cout, sum} =  1092100737
PASS  ! a = 3579559082, b = 1047465852, cin = 0, {cout, sum} =  4627024934
PASS  ! a = 1565150650, b = 3315687563, cin = 0, {cout, sum} =  4880838213
PASS  ! a = 2458066469, b =  419791666, cin = 0, {cout, sum} =  2877858135
PASS  ! a = 2760866889, b = 2321854484, cin = 1, {cout, sum} =  5082721374
PASS  ! a =  636617547, b = 2926063708, cin = 1, {cout, sum} =  3562681256
PASS  ! a = 1128175494, b = 2628745785, cin = 0, {cout, sum} =  3756921279
PASS  ! a = 1750197712, b = 2518831148, cin = 0, {cout, sum} =  4269028860
PASS  ! a =   65648391, b = 3038920810, cin = 1, {cout, sum} =  3104569202
PASS  ! a = 1953169384, b = 2783419979, cin = 1, {cout, sum} =  4736589364
PASS  ! a = 1982421996, b =  301860131, cin = 0, {cout, sum} =  2284282127
PASS  ! a = 1692493257, b = 2628191289, cin = 1, {cout, sum} =  4320684547
PASS  ! a = 3931641044, b =  864249191, cin = 1, {cout, sum} =  4795890236
PASS  ! a = 1479615920, b = 1091582338, cin = 1, {cout, sum} =  2571198259
PASS  ! a = 3971554009, b =  268482336, cin = 0, {cout, sum} =  4240036345
PASS  ! a = 1236365203, b = 1907646947, cin = 0, {cout, sum} =  3144012150
PASS  ! a = 3832674504, b = 2933337693, cin = 0, {cout, sum} =  6766012197
PASS  ! a = 1109830020, b = 2510923819, cin = 1, {cout, sum} =  3620753840
PASS  ! a = 2306808850, b = 2843672658, cin = 1, {cout, sum} =  5150481509
PASS  ! a = 3895170768, b = 3076123246, cin = 1, {cout, sum} =  6971294015
PASS  ! a = 1837860827, b = 1397913510, cin = 1, {cout, sum} =  3235774338
PASS  ! a = 2155445248, b = 2279885839, cin = 1, {cout, sum} =  4435331088
PASS  ! a = 2253611532, b =  749214041, cin = 1, {cout, sum} =  3002825574
PASS  ! a = 1742157263, b = 1211753872, cin = 1, {cout, sum} =  2953911136
PASS  ! a = 3036259433, b =  998493559, cin = 0, {cout, sum} =  4034752992
PASS  ! a = 3963050200, b = 1306348955, cin = 0, {cout, sum} =  5269399155
PASS  ! a = 1551413688, b = 3689345719, cin = 0, {cout, sum} =  5240759407
PASS  ! a = 2555206192, b = 1005409143, cin = 1, {cout, sum} =  3560615336
PASS  ! a = 1779824084, b =   59213575, cin = 0, {cout, sum} =  1839037659
PASS  ! a = 1956752873, b = 1172474763, cin = 1, {cout, sum} =  3129227637
PASS  ! a = 1837140955, b = 3228975744, cin = 0, {cout, sum} =  5066116699
PASS  ! a = 3807173317, b = 2552756784, cin = 1, {cout, sum} =  6359930102
PASS  ! a = 3003308646, b = 1476114863, cin = 1, {cout, sum} =  4479423510
PASS  ! a = 2084679672, b = 2205592582, cin = 1, {cout, sum} =  4290272255
PASS  ! a = 1894725601, b = 3400826005, cin = 0, {cout, sum} =  5295551606
PASS  ! a =  810437984, b = 4070334181, cin = 0, {cout, sum} =  4880772165
PASS  ! a =  841973092, b =  347354921, cin = 1, {cout, sum} =  1189328014
PASS  ! a = 3149681271, b =  924128622, cin = 1, {cout, sum} =  4073809894
PASS  ! a = 1788852693, b =  876074344, cin = 0, {cout, sum} =  2664927037
PASS  ! a = 3581411498, b =  127910671, cin = 1, {cout, sum} =  3709322170
PASS  ! a = 3197877373, b = 1194235278, cin = 0, {cout, sum} =  4392112651
PASS  ! a =  510020924, b = 3568690857, cin = 1, {cout, sum} =  4078711782
PASS  ! a = 2917650523, b = 3617733807, cin = 0, {cout, sum} =  6535384330
PASS  ! a = 1557269945, b =  160312595, cin = 1, {cout, sum} =  1717582541
PASS  ! a =  853295461, b =  684074833, cin = 1, {cout, sum} =  1537370295
PASS  ! a = 3432517785, b = 2635204666, cin = 1, {cout, sum} =  6067722452
PASS  ! a =  830211938, b = 4063587044, cin = 0, {cout, sum} =  4893798982
PASS  ! a = 3201975421, b =  753819481, cin = 1, {cout, sum} =  3955794903
PASS  ! a = 1994288109, b = 3836215497, cin = 1, {cout, sum} =  5830503607
PASS  ! a = 1472319919, b = 3987152091, cin = 1, {cout, sum} =  5459472011
PASS  ! a =  940810096, b = 2200359942, cin = 0, {cout, sum} =  3141170038
PASS  ! a = 1587035581, b = 3042303594, cin = 0, {cout, sum} =  4629339175
PASS  ! a = 2825674320, b = 3179738235, cin = 1, {cout, sum} =  6005412556
PASS  ! a = 3158279288, b = 2071693814, cin = 0, {cout, sum} =  5229973102
PASS  ! a =  298621731, b = 1018407801, cin = 0, {cout, sum} =  1317029532
PASS  ! a = 3721479867, b = 2265771534, cin = 1, {cout, sum} =  5987251402
PASS  ! a =  108069644, b = 3876559054, cin = 0, {cout, sum} =  3984628698
PASS  ! a = 2901204057, b = 1554149305, cin = 1, {cout, sum} =  4455353363
PASS  ! a = 2052046836, b = 3136610933, cin = 0, {cout, sum} =  5188657769
PASS  ! a = 2633792057, b =   24285954, cin = 1, {cout, sum} =  2658078012
PASS  ! a =   50067717, b =  656163662, cin = 0, {cout, sum} =   706231379
PASS  ! a = 1551454648, b = 2222961160, cin = 1, {cout, sum} =  3774415809
PASS  ! a = 3618934447, b = 1953706472, cin = 0, {cout, sum} =  5572640919
PASS  ! a = 2062986229, b = 2787151948, cin = 1, {cout, sum} =  4850138178
PASS  ! a = 2684724800, b =  313066277, cin = 1, {cout, sum} =  2997791078
PASS  ! a = 3095138416, b =  382466349, cin = 1, {cout, sum} =  3477604766
PASS  ! a = 1579504060, b = 2558199856, cin = 0, {cout, sum} =  4137703916
PASS  ! a =  678848848, b = 3503254177, cin = 1, {cout, sum} =  4182103026
PASS  ! a = 4210241269, b = 2055712757, cin = 1, {cout, sum} =  6265954027
PASS  ! a = 3393720980, b = 3042485866, cin = 0, {cout, sum} =  6436206846
PASS  ! a = 3695380664, b = 3476069534, cin = 0, {cout, sum} =  7171450198
PASS  ! a =  591399750, b = 2214224903, cin = 1, {cout, sum} =  2805624654
PASS  ! a = 2866443349, b = 1540610999, cin = 1, {cout, sum} =  4407054349
PASS  ! a = 2977958499, b = 2895372377, cin = 0, {cout, sum} =  5873330876
PASS  ! a = 3024713320, b = 2405688350, cin = 0, {cout, sum} =  5430401670
PASS  ! a =  756655450, b =  239306012, cin = 1, {cout, sum} =   995961463
PASS  ! a = 1434853291, b = 1747376592, cin = 1, {cout, sum} =  3182229884
PASS  ! a = 1818914264, b = 2731313221, cin = 1, {cout, sum} =  4550227486
PASS  ! a = 1173562251, b = 2116325884, cin = 0, {cout, sum} =  3289888135
PASS  ! a = 3531541156, b =  211258649, cin = 1, {cout, sum} =  3742799806
PASS  ! a = 2671349310, b = 4186685683, cin = 0, {cout, sum} =  6858034993
PASS  ! a = 1644522436, b =  775308124, cin = 0, {cout, sum} =  2419830560
PASS  ! a = 3441250458, b =  202774808, cin = 1, {cout, sum} =  3644025267
PASS  ! a = 1427493290, b =  219284250, cin = 1, {cout, sum} =  1646777541
PASS  ! a = 1496639922, b =  104030988, cin = 1, {cout, sum} =  1600670911
PASS  ! a = 1641741763, b = 1974301675, cin = 0, {cout, sum} =  3616043438
PASS  ! a = 2032927730, b = 1149480329, cin = 1, {cout, sum} =  3182408060
PASS  ! a =  232868635, b = 3600885933, cin = 0, {cout, sum} =  3833754568
PASS  ! a = 2465796645, b = 1743280079, cin = 1, {cout, sum} =  4209076725
PASS  ! a = 2375340571, b = 3225108096, cin = 1, {cout, sum} =  5600448668
PASS  ! a = 1093533058, b = 2184462852, cin = 1, {cout, sum} =  3277995911
PASS  ! a =  456559414, b =  426378034, cin = 1, {cout, sum} =   882937449
PASS  ! a = 4065046244, b = 2336418838, cin = 0, {cout, sum} =  6401465082
PASS  ! a = 1615881664, b = 2539227182, cin = 0, {cout, sum} =  4155108846
PASS  ! a = 3099640433, b = 2113835003, cin = 0, {cout, sum} =  5213475436
PASS  ! a = 4000344284, b =  200038167, cin = 1, {cout, sum} =  4200382452
PASS  ! a = 1979392491, b = 1520253877, cin = 1, {cout, sum} =  3499646369
PASS  ! a = 3350389391, b = 3757504191, cin = 0, {cout, sum} =  7107893582
PASS  ! a = 3920927443, b = 3944547030, cin = 0, {cout, sum} =  7865474473
PASS  ! a =  224621850, b =  954640241, cin = 1, {cout, sum} =  1179262092
PASS  ! a = 2271383054, b = 4173796593, cin = 1, {cout, sum} =  6445179648
PASS  ! a =   45957893, b =  238742300, cin = 0, {cout, sum} =   284700193
PASS  ! a = 4134570220, b = 2504119850, cin = 1, {cout, sum} =  6638690071
PASS  ! a =  462554423, b = 2180658691, cin = 0, {cout, sum} =  2643213114
PASS  ! a = 4272807165, b = 2675576382, cin = 0, {cout, sum} =  6948383547
PASS  ! a = 3126868084, b = 1477020080, cin = 0, {cout, sum} =  4603888164
PASS  ! a =  152456466, b = 3026910312, cin = 1, {cout, sum} =  3179366779
PASS  ! a = 4280299262, b =  453971254, cin = 1, {cout, sum} =  4734270517
PASS  ! a = 2111679483, b = 3045948523, cin = 1, {cout, sum} =  5157628007
PASS  ! a = 2278569487, b = 2319955476, cin = 0, {cout, sum} =  4598524963
PASS  ! a = 3546705574, b = 3933611732, cin = 1, {cout, sum} =  7480317307
PASS  ! a = 3045573227, b =   41413380, cin = 0, {cout, sum} =  3086986607
PASS  ! a = 1183539597, b = 4041896161, cin = 1, {cout, sum} =  5225435759
PASS  ! a = 3701044409, b = 3839825609, cin = 0, {cout, sum} =  7540870018
PASS  ! a = 2741252678, b =  510970684, cin = 1, {cout, sum} =  3252223363
PASS  ! a =  739005784, b =  970348403, cin = 0, {cout, sum} =  1709354187
PASS  ! a = 1852646364, b =  406831920, cin = 0, {cout, sum} =  2259478284
PASS  ! a =    7595264, b =  562171715, cin = 0, {cout, sum} =   569766979
PASS  ! a = 3501824673, b =  700456787, cin = 0, {cout, sum} =  4202281460
PASS  ! a =  804207967, b = 3284046471, cin = 0, {cout, sum} =  4088254438
PASS  ! a =  379179309, b = 3094741616, cin = 1, {cout, sum} =  3473920926
PASS  ! a = 2564241457, b = 2301607954, cin = 0, {cout, sum} =  4865849411
PASS  ! a =  115043085, b =  181211925, cin = 0, {cout, sum} =   296255010
PASS  ! a = 1248038292, b =  706454356, cin = 0, {cout, sum} =  1954492648
PASS  ! a =  160240915, b = 3789784771, cin = 1, {cout, sum} =  3950025687
PASS  ! a = 3998148316, b = 3161985144, cin = 1, {cout, sum} =  7160133461
PASS  ! a = 2951554655, b =  297818915, cin = 1, {cout, sum} =  3249373571
PASS  ! a =  474093368, b =  290671906, cin = 1, {cout, sum} =   764765275
PASS  ! a = 3823848647, b = 3242222210, cin = 0, {cout, sum} =  7066070857
PASS  ! a = 3817743047, b = 2457838628, cin = 1, {cout, sum} =  6275581676
PASS  ! a = 2221216776, b =  985821045, cin = 1, {cout, sum} =  3207037822
PASS  ! a = 2373808666, b =  472519480, cin = 0, {cout, sum} =  2846328146
PASS  ! a = 2886049880, b = 2824497744, cin = 1, {cout, sum} =  5710547625
PASS  ! a = 1380180900, b =  851697509, cin = 0, {cout, sum} =  2231878409
PASS  ! a =   57686278, b = 2853404756, cin = 1, {cout, sum} =  2911091035
PASS  ! a = 3830837448, b =  610744648, cin = 1, {cout, sum} =  4441582097
PASS  ! a = 2082337784, b = 3666424501, cin = 1, {cout, sum} =  5748762286
PASS  ! a = 1101976963, b = 1302258587, cin = 1, {cout, sum} =  2404235551
PASS  ! a = 1477858224, b = 4259283707, cin = 1, {cout, sum} =  5737141932
PASS  ! a = 2555225648, b = 2352530456, cin = 1, {cout, sum} =  4907756105
PASS  ! a = 2741692486, b =  820121441, cin = 1, {cout, sum} =  3561813928
PASS  ! a =  720466773, b =  395024175, cin = 1, {cout, sum} =  1115490949
PASS  ! a = 4011715294, b = 3922865363, cin = 0, {cout, sum} =  7934580657
PASS  ! a = 1960602089, b =  743930200, cin = 1, {cout, sum} =  2704532290
PASS  ! a = 1641801155, b = 1781273556, cin = 0, {cout, sum} =  3423074711
PASS  ! a = 1059450750, b = 1797889494, cin = 1, {cout, sum} =  2857340245
PASS  ! a = 3249554563, b = 1349185440, cin = 0, {cout, sum} =  4598740003
PASS  ! a = 1608764351, b =  585816901, cin = 1, {cout, sum} =  2194581253
PASS  ! a =  580717381, b = 3130265717, cin = 0, {cout, sum} =  3710983098
PASS  ! a = 1664236486, b =  906058092, cin = 0, {cout, sum} =  2570294578
PASS  ! a =  415064881, b = 3457220252, cin = 0, {cout, sum} =  3872285133
PASS  ! a = 3621985967, b = 2267884558, cin = 1, {cout, sum} =  5889870526
PASS  ! a = 3646636210, b = 4011892446, cin = 1, {cout, sum} =  7658528657
PASS  ! a = 1432096682, b =  336064808, cin = 0, {cout, sum} =  1768161490
PASS  ! a = 1293945242, b = 1776767443, cin = 0, {cout, sum} =  3070712685
PASS  ! a = 4260068603, b = 3318706827, cin = 0, {cout, sum} =  7578775430
PASS  ! a = 3863488716, b =  954602353, cin = 0, {cout, sum} =  4818091069
PASS  ! a =  815586145, b = 3185789051, cin = 1, {cout, sum} =  4001375197
PASS  ! a = 3363945617, b = 3764426944, cin = 1, {cout, sum} =  7128372562
PASS  ! a = 3209933950, b =  706573140, cin = 1, {cout, sum} =  3916507091
PASS  ! a = 2766022729, b = 1945796071, cin = 0, {cout, sum} =  4711818800
PASS  ! a = 1102435715, b = 2918056027, cin = 1, {cout, sum} =  4020491743
PASS  ! a = 1258209173, b = 3146992247, cin = 1, {cout, sum} =  4405201421
PASS  ! a = 1932287974, b = 3621891759, cin = 0, {cout, sum} =  5554179733
PASS  ! a = 2305056786, b = 2116662268, cin = 1, {cout, sum} =  4421719055
PASS  ! a = 3791909060, b =  536576319, cin = 0, {cout, sum} =  4328485379
PASS  ! a =  965351795, b =  760060762, cin = 0, {cout, sum} =  1725412557
PASS  ! a = 4285778686, b =  973695860, cin = 1, {cout, sum} =  5259474547
PASS  ! a = 1899150306, b = 4050208994, cin = 1, {cout, sum} =  5949359301
PASS  ! a = 3423855256, b = 1339813279, cin = 0, {cout, sum} =  4763668535
PASS  ! a = 2031192562, b = 1592359869, cin = 1, {cout, sum} =  3623552432
PASS  ! a = 1510608820, b = 2852695124, cin = 1, {cout, sum} =  4363303945
PASS  ! a = 2310394899, b = 1443664300, cin = 1, {cout, sum} =  3754059200
PASS  ! a =  502669115, b = 2594186293, cin = 1, {cout, sum} =  3096855409
PASS  ! a =  442603828, b = 2866848341, cin = 0, {cout, sum} =  3309452169
PASS  ! a = 4184145650, b = 3556652711, cin = 1, {cout, sum} =  7740798362
PASS  ! a = 4063434468, b = 2696454721, cin = 1, {cout, sum} =  6759889190
PASS  ! a = 4250065146, b = 3869102285, cin = 1, {cout, sum} =  8119167432
PASS  ! a = 3670640309, b = 4095771368, cin = 1, {cout, sum} =  7766411678
PASS  ! a = 2298752530, b =  462917431, cin = 0, {cout, sum} =  2761669961
PASS  ! a = 4232881400, b = 2417511968, cin = 0, {cout, sum} =  6650393368
PASS  ! a = 2436760098, b = 1983075820, cin = 0, {cout, sum} =  4419835918
PASS  ! a = 1031756666, b =  253645086, cin = 1, {cout, sum} =  1285401753
PASS  ! a = 4121228011, b =   95745803, cin = 0, {cout, sum} =  4216973814
PASS  ! a = 2940558942, b = 1045441916, cin = 1, {cout, sum} =  3986000859
PASS  ! a = 3318437003, b =  155964178, cin = 1, {cout, sum} =  3474401182
PASS  ! a = 3250837123, b = 4037738721, cin = 0, {cout, sum} =  7288575844
PASS  ! a = 2771803210, b = 1791849429, cin = 1, {cout, sum} =  4563652640
PASS  ! a = 4060409572, b = 4197616884, cin = 0, {cout, sum} =  8258026456
PASS  ! a =  224542490, b = 4054003427, cin = 0, {cout, sum} =  4278545917
PASS  ! a = 2043052531, b =  377964333, cin = 0, {cout, sum} =  2421016864
PASS  ! a = 1854752221, b = 4128426220, cin = 1, {cout, sum} =  5983178442
PASS  ! a = 2145104895, b = 1010009464, cin = 1, {cout, sum} =  3155114360
PASS  ! a =  332527399, b = 2110394363, cin = 1, {cout, sum} =  2442921763
PASS  ! a =  105487116, b = 1572313019, cin = 0, {cout, sum} =  1677800135
PASS  ! a = 2765634121, b =  894794602, cin = 0, {cout, sum} =  3660428723
PASS  ! a = 2349257240, b = 1260186006, cin = 1, {cout, sum} =  3609443247
PASS  ! a =  388329774, b = 3739866301, cin = 0, {cout, sum} =  4128196075
PASS  ! a = 3137742966, b =  983049589, cin = 1, {cout, sum} =  4120792556
PASS  ! a = 1255380373, b = 1034472827, cin = 0, {cout, sum} =  2289853200
PASS  ! a = 3086233711, b = 3833744585, cin = 1, {cout, sum} =  6919978297
PASS  ! a = 1513578932, b = 1833477594, cin = 1, {cout, sum} =  3347056527
PASS  ! a = 1875898847, b =  112255757, cin = 0, {cout, sum} =  1988154604
PASS  ! a = 1102931843, b = 2831598673, cin = 0, {cout, sum} =  3934530516
PASS  ! a = 3225842304, b = 4243916025, cin = 0, {cout, sum} =  7469758329
PASS  ! a = 3842390730, b = 4019021023, cin = 1, {cout, sum} =  7861411754
PASS  ! a = 1115256196, b = 3628697776, cin = 1, {cout, sum} =  4743953973
PASS  ! a =  134841616, b = 1865688542, cin = 0, {cout, sum} =  2000530158
PASS  ! a =   77134601, b = 1811424215, cin = 1, {cout, sum} =  1888558817
PASS  ! a = 2261266957, b = 1220786065, cin = 1, {cout, sum} =  3482053023
PASS  ! a = 1299708314, b =  398296879, cin = 0, {cout, sum} =  1698005193
PASS  ! a = 1540719543, b = 3810816710, cin = 1, {cout, sum} =  5351536254
PASS  ! a = 3456363676, b =  397705007, cin = 0, {cout, sum} =  3854068683
PASS  ! a = 3451861659, b = 2971664482, cin = 1, {cout, sum} =  6423526142
PASS  ! a =  390562606, b = 3331330701, cin = 0, {cout, sum} =  3721893307
PASS  ! a = 3575428266, b = 3491623072, cin = 1, {cout, sum} =  7067051339
PASS  ! a = 4167053040, b = 4100761832, cin = 1, {cout, sum} =  8267814873
PASS  ! a = 1758267857, b = 1568891835, cin = 1, {cout, sum} =  3327159693
PASS  ! a = 1049548157, b =  742400344, cin = 1, {cout, sum} =  1791948502
PASS  ! a = 1269575575, b = 2203951622, cin = 1, {cout, sum} =  3473527198
PASS  ! a = 1649107908, b = 3954243287, cin = 1, {cout, sum} =  5603351196
PASS  ! a =  650580813, b =  968869747, cin = 1, {cout, sum} =  1619450561
PASS  ! a = 2802021454, b = 1557947833, cin = 0, {cout, sum} =  4359969287
PASS  ! a = 2631320121, b = 1090211713, cin = 1, {cout, sum} =  3721531835
PASS  ! a = 1206644623, b = 2136178174, cin = 1, {cout, sum} =  3342822798
PASS  ! a = 2274002959, b =  429640499, cin = 1, {cout, sum} =  2703643459
PASS  ! a =  722314582, b = 3445052058, cin = 0, {cout, sum} =  4167366640
PASS  ! a =  619251529, b = 1775073235, cin = 0, {cout, sum} =  2394324764
PASS  ! a = 1819604440, b = 3155955320, cin = 1, {cout, sum} =  4975559761
PASS  ! a = 2463129637, b = 2224477705, cin = 0, {cout, sum} =  4687607342
PASS  ! a = 2519492652, b = 3919256787, cin = 0, {cout, sum} =  6438749439
PASS  ! a =    6115584, b = 1443717036, cin = 0, {cout, sum} =  1449832620
PASS  ! a = 3060422764, b = 3493609632, cin = 1, {cout, sum} =  6554032397
PASS  ! a = 1757499345, b =    7147264, cin = 0, {cout, sum} =  1764646609
PASS  ! a = 1813612504, b = 1616755648, cin = 0, {cout, sum} =  3430368152
PASS  ! a = 3905925329, b = 2830830673, cin = 1, {cout, sum} =  6736756003
PASS  ! a = 2728705605, b = 1501783987, cin = 0, {cout, sum} =  4230489592
PASS  ! a = 3226060416, b = 2119914492, cin = 0, {cout, sum} =  5345974908
PASS  ! a = 3232596097, b = 2561989681, cin = 1, {cout, sum} =  5794585779
PASS  ! a = 1102183811, b = 2680242751, cin = 0, {cout, sum} =  3782426562
PASS  ! a = 2987756644, b = 1062376318, cin = 1, {cout, sum} =  4050132963
PASS  ! a = 1194195854, b = 1327713694, cin = 0, {cout, sum} =  2521909548
PASS  ! a =  612604745, b = 2238315018, cin = 1, {cout, sum} =  2850919764
PASS  ! a = 2831140945, b = 2765719113, cin = 1, {cout, sum} =  5596860059
PASS  ! a = 3058361964, b = 2890964056, cin = 0, {cout, sum} =  5949326020
PASS  ! a = 2547900975, b = 3251591811, cin = 1, {cout, sum} =  5799492787
PASS  ! a = 1784536020, b = 3389932692, cin = 0, {cout, sum} =  5174468712
PASS  ! a =  506619708, b =  590355270, cin = 1, {cout, sum} =  1096974979
PASS  ! a = 2696130113, b = 2078152183, cin = 0, {cout, sum} =  4774282296
PASS  ! a =  956903282, b = 1362535842, cin = 1, {cout, sum} =  2319439125
PASS  ! a = 3377005202, b = 3855528139, cin = 0, {cout, sum} =  7232533341
PASS  ! a = 2561994289, b = 1707606987, cin = 1, {cout, sum} =  4269601277
PASS  ! a =  950241649, b =  793334622, cin = 1, {cout, sum} =  1743576272
PASS  ! a = 3673380533, b =   71372040, cin = 0, {cout, sum} =  3744752573
PASS  ! a = 2676004927, b = 3624399536, cin = 0, {cout, sum} =  6300404463
PASS  ! a = 2568499250, b =   43975941, cin = 0, {cout, sum} =  2612475191
PASS  ! a = 3692484792, b = 1052927869, cin = 0, {cout, sum} =  4745412661
PASS  ! a = 3330771597, b = 1693137353, cin = 1, {cout, sum} =  5023908951
PASS  ! a = 3658669748, b = 1922727909, cin = 0, {cout, sum} =  5581397657
PASS  ! a =  298239267, b =  378643245, cin = 1, {cout, sum} =   676882513
PASS  ! a =  792118622, b = 1510942644, cin = 0, {cout, sum} =  2303061266
PASS  ! a =  841793892, b =  839551844, cin = 0, {cout, sum} =  1681345736
PASS  ! a = 3309623434, b = 1308526491, cin = 1, {cout, sum} =  4618149926
PASS  ! a = 3052993131, b = 1442784171, cin = 1, {cout, sum} =  4495777303
PASS  ! a = 1587359677, b = 3976144089, cin = 0, {cout, sum} =  5563503766
PASS  ! a = 4032408800, b = 2949719647, cin = 1, {cout, sum} =  6982128448
PASS  ! a = 3384167571, b =  320340774, cin = 1, {cout, sum} =  3704508346
PASS  ! a = 2225661961, b = 3056436332, cin = 1, {cout, sum} =  5282098294
PASS  ! a = 1482210736, b = 4221548791, cin = 1, {cout, sum} =  5703759528
PASS  ! a = 2884157527, b =  991032182, cin = 1, {cout, sum} =  3875189710
PASS  ! a = 1514519988, b = 2395644445, cin = 1, {cout, sum} =  3910164434
PASS  ! a =  591815494, b =  862819174, cin = 0, {cout, sum} =  1454634668
PASS  ! a =  531681599, b =  707786068, cin = 0, {cout, sum} =  1239467667
PASS  ! a = 2787914828, b = 2202308614, cin = 0, {cout, sum} =  4990223442
PASS  ! a =  380923181, b = 3276659846, cin = 0, {cout, sum} =  3657583027
PASS  ! a = 1546321336, b = 4160670447, cin = 0, {cout, sum} =  5706991783
PASS  ! a =  531205951, b = 2228529673, cin = 0, {cout, sum} =  2759735624
PASS  ! a = 2864839253, b = 2403952158, cin = 0, {cout, sum} =  5268791411
PASS  ! a = 3876217550, b = 3946899158, cin = 1, {cout, sum} =  7823116709
PASS  ! a = 3570272937, b = 3887297743, cin = 1, {cout, sum} =  7457570681
PASS  ! a =  541580608, b = 1527542710, cin = 1, {cout, sum} =  2069123319
PASS  ! a = 2905064538, b = 1894619105, cin = 1, {cout, sum} =  4799683644
PASS  ! a = 2478465063, b =  578728260, cin = 1, {cout, sum} =  3057193324
PASS  ! a = 3484982943, b = 1414828968, cin = 1, {cout, sum} =  4899811912
PASS  ! a = 1117085061, b = 1122213253, cin = 1, {cout, sum} =  2239298315
PASS  ! a = 1141836168, b = 1261372822, cin = 0, {cout, sum} =  2403208990
PASS  ! a =  512093501, b =  682750289, cin = 1, {cout, sum} =  1194843791
PASS  ! a = 2386137116, b = 1590029245, cin = 0, {cout, sum} =  3976166361
PASS  ! a =  660895054, b =  401096495, cin = 1, {cout, sum} =  1061991550
PASS  ! a = 4134599916, b =  255874334, cin = 1, {cout, sum} =  4390474251
PASS  ! a = 3760277696, b = 1906907619, cin = 0, {cout, sum} =  5667185315
PASS  ! a = 2782490699, b = 1223294865, cin = 0, {cout, sum} =  4005785564
PASS  ! a =  617891657, b = 2313038867, cin = 1, {cout, sum} =  2930930525
PASS  ! a =  241340700, b =  340585768, cin = 0, {cout, sum} =   581926468
PASS  ! a =  781678941, b = 2003460590, cin = 0, {cout, sum} =  2785139531
PASS  ! a = 1569625531, b = 3158709368, cin = 0, {cout, sum} =  4728334899
PASS  ! a =  781498205, b = 2402482718, cin = 0, {cout, sum} =  3183980923
PASS  ! a = 1705540043, b = 1845293531, cin = 0, {cout, sum} =  3550833574
PASS  ! a =  275661600, b =   34061060, cin = 1, {cout, sum} =   309722661
PASS  ! a = 3870363853, b = 3378916498, cin = 1, {cout, sum} =  7249280352
PASS  ! a = 3572132521, b = 3476159646, cin = 1, {cout, sum} =  7048292168
PASS  ! a = 1611345344, b = 2780381771, cin = 1, {cout, sum} =  4391727116
PASS  ! a = 1082796417, b = 3643988146, cin = 1, {cout, sum} =  4726784564
PASS  ! a =   95336715, b =  604049736, cin = 1, {cout, sum} =   699386452
PASS  ! a = 2121451004, b = 3623371951, cin = 0, {cout, sum} =  5744822955
PASS  ! a =  124444430, b =  984582005, cin = 1, {cout, sum} =  1109026436
PASS  ! a = 2261937677, b =  328282407, cin = 0, {cout, sum} =  2590220084
PASS  ! a = 2122260988, b = 3755753151, cin = 1, {cout, sum} =  5878014140
PASS  ! a = 3232229505, b = 3022563944, cin = 0, {cout, sum} =  6254793449
PASS  ! a = 4254302459, b =  211165465, cin = 0, {cout, sum} =  4465467924
PASS  ! a =  697637715, b = 4157601519, cin = 1, {cout, sum} =  4855239235
PASS  ! a = 1490525617, b = 2993684068, cin = 1, {cout, sum} =  4484209686
PASS  ! a = 2066005494, b =  878690152, cin = 0, {cout, sum} =  2944695646
PASS  ! a = 3083913839, b = 2502964778, cin = 0, {cout, sum} =  5586878617
PASS  ! a = 4222283511, b =  595074886, cin = 1, {cout, sum} =  4817358398
PASS  ! a = 3491709088, b = 2102088698, cin = 0, {cout, sum} =  5593797786
PASS  ! a =  430498611, b =    6805248, cin = 0, {cout, sum} =   437303859
PASS  ! a =  943861104, b = 2492574249, cin = 1, {cout, sum} =  3436435354
PASS  ! a = 1264284054, b = 1803705815, cin = 1, {cout, sum} =  3067989870
PASS  ! a = 2200100358, b = 2771910730, cin = 0, {cout, sum} =  4972011088
PASS  ! a =  551337793, b = 1143801736, cin = 1, {cout, sum} =  1695139530
PASS  ! a =  955178353, b = 2485330472, cin = 1, {cout, sum} =  3440508826
PASS  ! a = 3053511276, b = 2863342677, cin = 0, {cout, sum} =  5916853953
PASS  ! a =  931728751, b = 2048822260, cin = 1, {cout, sum} =  2980551012
PASS  ! a = 3923080915, b = 2356224536, cin = 1, {cout, sum} =  6279305452
PASS  ! a = 2090455033, b = 1684406728, cin = 1, {cout, sum} =  3774861762
PASS  ! a = 2758559816, b = 1904651235, cin = 0, {cout, sum} =  4663211051
PASS  ! a = 1158029706, b = 3014276711, cin = 0, {cout, sum} =  4172306417
PASS  ! a =  811134816, b =  658489166, cin = 1, {cout, sum} =  1469623983
PASS  ! a = 3109402226, b = 2037934578, cin = 0, {cout, sum} =  5147336804
PASS  ! a = 4094257384, b = 1280631192, cin = 0, {cout, sum} =  5374888576
PASS  ! a = 2085628920, b = 3333227661, cin = 1, {cout, sum} =  5418856582
PASS  ! a = 3621897903, b =  472002360, cin = 0, {cout, sum} =  4093900263
PASS  ! a = 1356401057, b = 3394846868, cin = 1, {cout, sum} =  4751247926
PASS  ! a =  281199905, b =  311787301, cin = 1, {cout, sum} =   592987207
PASS  ! a =  500367675, b = 2537799214, cin = 0, {cout, sum} =  3038166889
PASS  ! a =  191063830, b = 2417198112, cin = 0, {cout, sum} =  2608261942
PASS  ! a = 3398563989, b = 2532059693, cin = 1, {cout, sum} =  5930623683
PASS  ! a = 2208669703, b = 1952183784, cin = 0, {cout, sum} =  4160853487
PASS  ! a =  874788712, b = 3417957015, cin = 1, {cout, sum} =  4292745728
PASS  ! a = 2613965367, b =  691312978, cin = 1, {cout, sum} =  3305278346
PASS  ! a = 3279583366, b =  951946609, cin = 0, {cout, sum} =  4231529975
PASS  ! a = 3125150324, b = 3110303858, cin = 0, {cout, sum} =  6235454182
PASS  ! a = 1714888652, b = 3291330696, cin = 0, {cout, sum} =  5006219348
PASS  ! a = 1095912322, b = 3326081676, cin = 0, {cout, sum} =  4421993998
PASS  ! a = 3349954703, b = 3800467653, cin = 1, {cout, sum} =  7150422357
PASS  ! a = 2330110997, b = 1709375435, cin = 0, {cout, sum} =  4039486432
PASS  ! a =  357617962, b = 4210311925, cin = 1, {cout, sum} =  4567929888
PASS  ! a =  593893190, b = 2646474811, cin = 0, {cout, sum} =  3240368001
PASS  ! a = 1236582803, b = 4067492580, cin = 0, {cout, sum} =  5304075383
PASS  ! a = 3108578418, b =  958479218, cin = 1, {cout, sum} =  4067057637
PASS  ! a = 1522277813, b = 1371359139, cin = 0, {cout, sum} =  2893636952
PASS  ! a = 3414669975, b = 2566438961, cin = 0, {cout, sum} =  5981108936
PASS  ! a = 2879991383, b =  991666550, cin = 0, {cout, sum} =  3871657933
PASS  ! a = 2155457536, b = 3116933235, cin = 1, {cout, sum} =  5272390772
PASS  ! a =  960338802, b = 2406958622, cin = 1, {cout, sum} =  3367297425
PASS  ! a = 1724013005, b = 2125466621, cin = 1, {cout, sum} =  3849479627
PASS  ! a =  234520347, b = 1734198734, cin = 0, {cout, sum} =  1968719081
PASS  ! a = 3842721994, b = 1140548999, cin = 1, {cout, sum} =  4983270994
PASS  ! a =  373791532, b =  317950245, cin = 0, {cout, sum} =   691741777
PASS  ! a = 4193375475, b = 1099789187, cin = 1, {cout, sum} =  5293164663
PASS  ! a = 1477010864, b = 1556845497, cin = 0, {cout, sum} =  3033856361
PASS  ! a = 1414512552, b = 1294432666, cin = 0, {cout, sum} =  2708945218
PASS  ! a = 1324233629, b = 2118782972, cin = 1, {cout, sum} =  3443016602
PASS  ! a = 3972453593, b = 2253934604, cin = 0, {cout, sum} =  6226388197
PASS  ! a = 2927252572, b = 1090122113, cin = 1, {cout, sum} =  4017374686
PASS  ! a = 3560411304, b = 1369085347, cin = 0, {cout, sum} =  4929496651
PASS  ! a = 2090547193, b = 3741162685, cin = 0, {cout, sum} =  5831709878
PASS  ! a =  260750111, b =  904509291, cin = 1, {cout, sum} =  1165259403
PASS  ! a = 1263109014, b = 2239922187, cin = 1, {cout, sum} =  3503031202
PASS  ! a = 3354788495, b = 2681612351, cin = 0, {cout, sum} =  6036400846
PASS  ! a = 3179428475, b = 2531243565, cin = 1, {cout, sum} =  5710672041
PASS  ! a = 4288916223, b = 2933945949, cin = 0, {cout, sum} =  7222862172
PASS  ! a = 1805574615, b =  516400957, cin = 1, {cout, sum} =  2321975573
PASS  ! a =  224729882, b = 4121127659, cin = 0, {cout, sum} =  4345857541
PASS  ! a =  349475625, b =  162833171, cin = 0, {cout, sum} =   512308796
PASS  ! a = 2396555805, b = 3944032470, cin = 0, {cout, sum} =  6340588275
PASS  ! a = 3345098382, b = 3380119698, cin = 1, {cout, sum} =  6725218081
PASS  ! a = 4146698990, b = 2733067845, cin = 0, {cout, sum} =  6879766835
PASS  ! a = 3065335917, b = 3549914279, cin = 0, {cout, sum} =  6615250196
PASS  ! a = 2438265890, b = 2899188825, cin = 0, {cout, sum} =  5337454715
PASS  ! a = 3331245197, b =   47515909, cin = 1, {cout, sum} =  3378761107
PASS  ! a = 1737951695, b = 2788591692, cin = 1, {cout, sum} =  4526543388
PASS  ! a = 3555544231, b =  203275544, cin = 1, {cout, sum} =  3758819776
PASS  ! a =  913139564, b = 2276681743, cin = 1, {cout, sum} =  3189821308
PASS  ! a = 1749545424, b =  397528367, cin = 1, {cout, sum} =  2147073792
PASS  ! a =  273917728, b = 4146695406, cin = 1, {cout, sum} =  4420613135
PASS  ! a =  962533234, b = 3661378228, cin = 0, {cout, sum} =  4623911462
PASS  ! a = 3491948704, b = 1501749683, cin = 1, {cout, sum} =  4993698388
PASS  ! a = 2410454559, b = 1849440220, cin = 0, {cout, sum} =  4259894779
PASS  ! a = 2596042805, b = 4067462372, cin = 0, {cout, sum} =  6663505177
PASS  ! a = 3610969262, b = 1558842297, cin = 0, {cout, sum} =  5169811559
PASS  ! a = 2909236314, b = 2256803853, cin = 0, {cout, sum} =  5166040167
PASS  ! a =  711689044, b = 4001262300, cin = 1, {cout, sum} =  4712951345
PASS  ! a = 1024017786, b = 2611445815, cin = 1, {cout, sum} =  3635463602
PASS  ! a =   66267911, b = 2894415449, cin = 0, {cout, sum} =  2960683360
PASS  ! a = 1797362134, b =  230449947, cin = 1, {cout, sum} =  2027812082
PASS  ! a = 1696010698, b =  765677403, cin = 0, {cout, sum} =  2461688101
PASS  ! a =    3181824, b =  686430545, cin = 0, {cout, sum} =   689612369
PASS  ! a =  250567965, b = 2029431793, cin = 1, {cout, sum} =  2279999759
PASS  ! a = 3757096127, b = 1222825873, cin = 1, {cout, sum} =  4979922001
PASS  ! a = 3778640578, b = 3220866175, cin = 0, {cout, sum} =  6999506753
PASS  ! a = 3129709685, b =  203935000, cin = 1, {cout, sum} =  3333644686
PASS  ! a = 1996566510, b = 2291513873, cin = 1, {cout, sum} =  4288080384
PASS  ! a = 2259751949, b = 3960751832, cin = 1, {cout, sum} =  6220503782
PASS  ! a = 2703800386, b = 3585897131, cin = 0, {cout, sum} =  6289697517
PASS  ! a = 2201641478, b = 1849150940, cin = 1, {cout, sum} =  4050792419
PASS  ! a = 3633837233, b =  466402615, cin = 0, {cout, sum} =  4100239848
PASS  ! a =  197097751, b = 2571584562, cin = 0, {cout, sum} =  2768682313
PASS  ! a =  496663355, b =  109984525, cin = 0, {cout, sum} =   606647880
PASS  ! a =  575125828, b = 3484225183, cin = 0, {cout, sum} =  4059351011
PASS  ! a = 1739899343, b = 4185699570, cin = 0, {cout, sum} =  5925598913
PASS  ! a = 1627231169, b =  461383479, cin = 1, {cout, sum} =  2088614649
PASS  ! a = 3103275121, b = 4022714591, cin = 0, {cout, sum} =  7125989712
PASS  ! a = 3247250563, b = 1131038598, cin = 0, {cout, sum} =  4378289161
PASS  ! a = 2308860435, b = 2820760144, cin = 0, {cout, sum} =  5129620579
PASS  ! a = 2090189305, b =  499450171, cin = 0, {cout, sum} =  2589639476
PASS  ! a = 2222137864, b =  158182162, cin = 1, {cout, sum} =  2380320027
PASS  ! a = 3797340356, b = 1995827693, cin = 1, {cout, sum} =  5793168050
PASS  ! a = 3797254852, b =  397758255, cin = 1, {cout, sum} =  4195013108
PASS  ! a = 2793351756, b = 4057048803, cin = 1, {cout, sum} =  6850400560
PASS  ! a =  181939989, b = 3590937260, cin = 0, {cout, sum} =  3772877249
PASS  ! a = 1539824055, b = 2089691129, cin = 0, {cout, sum} =  3629515184
PASS  ! a = 3922223315, b = 3226844288, cin = 1, {cout, sum} =  7149067604
PASS  ! a = 4173443825, b = 3129715829, cin = 1, {cout, sum} =  7303159655
PASS  ! a = 2502168618, b = 1360590242, cin = 0, {cout, sum} =  3862758860
PASS  ! a = 3858627275, b =  184350997, cin = 1, {cout, sum} =  4042978273
PASS  ! a = 3704034489, b = 4188450547, cin = 0, {cout, sum} =  7892485036
PASS  ! a = 1987706860, b =  238446364, cin = 0, {cout, sum} =  2226153224
PASS  ! a =  483867961, b = 1079861120, cin = 0, {cout, sum} =  1563729081
PASS  ! a = 1979038187, b = 2804682318, cin = 0, {cout, sum} =  4783720505
PASS  ! a = 2646045755, b =  251062557, cin = 0, {cout, sum} =  2897108312
PASS  ! a = 3718082747, b = 3831949000, cin = 1, {cout, sum} =  7550031748
PASS  ! a = 3758744768, b = 3420207767, cin = 0, {cout, sum} =  7178952535
PASS  ! a = 1848531420, b = 3950567638, cin = 0, {cout, sum} =  5799099058
PASS  ! a = 3641250482, b = 1411641256, cin = 1, {cout, sum} =  5052891739
PASS  ! a =  394145070, b = 1673004487, cin = 0, {cout, sum} =  2067149557
PASS  ! a = 1262485910, b = 2158226433, cin = 0, {cout, sum} =  3420712343
PASS  ! a = 1745738704, b = 3771244225, cin = 1, {cout, sum} =  5516982930
PASS  ! a = 2171160066, b = 1061029758, cin = 1, {cout, sum} =  3232189825
PASS  ! a = 3960412376, b = 3812511942, cin = 0, {cout, sum} =  7772924318
PASS  ! a = 2902278233, b = 2723125828, cin = 0, {cout, sum} =  5625404061
PASS  ! a =  436537652, b =  492584762, cin = 0, {cout, sum} =   929122414
PASS  ! a = 2008490991, b = 1256994197, cin = 0, {cout, sum} =  3265485188
PASS  ! a = 1541920695, b =  867967335, cin = 0, {cout, sum} =  2409888030
PASS  ! a = 3877182158, b = 1867196894, cin = 0, {cout, sum} =  5744379052
PASS  ! a = 2658361404, b =  493122874, cin = 0, {cout, sum} =  3151484278
PASS  ! a = 4072110309, b =  630208843, cin = 0, {cout, sum} =  4702319152
PASS  ! a = 3305688202, b =   76909321, cin = 1, {cout, sum} =  3382597524
PASS  ! a =  299025699, b = 3151443575, cin = 0, {cout, sum} =  3450469274
PASS  ! a =  525019966, b =  156611346, cin = 0, {cout, sum} =   681631312
PASS  ! a = 4203274485, b = 1898617826, cin = 1, {cout, sum} =  6101892312
PASS  ! a = 3059686508, b = 4169424625, cin = 1, {cout, sum} =  7229111134
PASS  ! a = 3299159689, b =  130886927, cin = 1, {cout, sum} =  3430046617
PASS  ! a = 2859821140, b = 3724292283, cin = 0, {cout, sum} =  6584113423
PASS  ! a =  198683415, b =  402562863, cin = 1, {cout, sum} =   601246279
PASS  ! a =  369666860, b = 3188469884, cin = 1, {cout, sum} =  3558136745
PASS  ! a = 2027622385, b = 4079169254, cin = 1, {cout, sum} =  6106791640
PASS  ! a = 3002458213, b = 2857361492, cin = 0, {cout, sum} =  5859819705
PASS  ! a = 3067210861, b = 4193666803, cin = 0, {cout, sum} =  7260877664
PASS  ! a = 4267186940, b = 1068390783, cin = 0, {cout, sum} =  5335577723
PASS  ! a =  971167603, b = 3039829098, cin = 1, {cout, sum} =  4010996702
PASS  ! a = 2194609157, b = 1460172206, cin = 1, {cout, sum} =  3654781364
PASS  ! a = 3453713051, b = 1992710125, cin = 1, {cout, sum} =  5446423177
PASS  ! a = 1972949995, b = 3218991231, cin = 1, {cout, sum} =  5191941227
PASS  ! a = 2539830830, b = 4205814005, cin = 1, {cout, sum} =  6745644836
PASS  ! a = 2712029763, b =  737239895, cin = 1, {cout, sum} =  3449269659
PASS  ! a = 2013391344, b =  416437041, cin = 1, {cout, sum} =  2429828386
PASS  ! a = 3834836681, b = 1957934057, cin = 0, {cout, sum} =  5792770738
PASS  ! a = 2366421018, b = 1317411229, cin = 1, {cout, sum} =  3683832248
PASS  ! a = 4096230120, b =  117301005, cin = 1, {cout, sum} =  4213531126
PASS  ! a =  993037174, b = 1691386313, cin = 0, {cout, sum} =  2684423487
PASS  ! a = 4023347423, b = 4150415086, cin = 1, {cout, sum} =  8173762510
PASS  ! a = 3560076968, b = 4047809762, cin = 0, {cout, sum} =  7607886730
PASS  ! a =  405374768, b = 4179418866, cin = 0, {cout, sum} =  4584793634
PASS  ! a = 3525604004, b = 2452481060, cin = 1, {cout, sum} =  5978085065
PASS  ! a =  396086575, b = 2607418422, cin = 1, {cout, sum} =  3003504998
PASS  ! a = 3541659302, b = 3278716550, cin = 1, {cout, sum} =  6820375853
PASS  ! a = 1100076419, b = 3167555705, cin = 1, {cout, sum} =  4267632125
PASS  ! a = 1646295492, b = 2956082784, cin = 0, {cout, sum} =  4602378276
PASS  ! a = 1120831365, b = 2173501955, cin = 1, {cout, sum} =  3294333321
PASS  ! a =  504288572, b = 2792780876, cin = 0, {cout, sum} =  3297069448
PASS  ! a = 2616767543, b =  980479860, cin = 1, {cout, sum} =  3597247404
PASS  ! a = 1684090312, b = 2078545911, cin = 1, {cout, sum} =  3762636224
PASS  ! a =  407551280, b = 4202890485, cin = 1, {cout, sum} =  4610441766
PASS  ! a = 1044094332, b = 2022683121, cin = 1, {cout, sum} =  3066777454
PASS  ! a = 4111280362, b =  241347356, cin = 0, {cout, sum} =  4352627718
PASS  ! a = 1464919470, b = 3937186005, cin = 0, {cout, sum} =  5402105475
PASS  ! a = 3410251926, b = 2372773402, cin = 0, {cout, sum} =  5783025328
PASS  ! a =  842562404, b = 2401572382, cin = 0, {cout, sum} =  3244134786
PASS  ! a =  867759975, b = 3301455497, cin = 1, {cout, sum} =  4169215473
PASS  ! a =  192656662, b =  767299419, cin = 1, {cout, sum} =   959956082
PASS  ! a = 3192121468, b = 3054254700, cin = 1, {cout, sum} =  6246376169
PASS  ! a = 3697402552, b = 1411616168, cin = 0, {cout, sum} =  5109018720
PASS  ! a = 3758399680, b = 1059539838, cin = 1, {cout, sum} =  4817939519
PASS  ! a =  541290816, b = 2989290596, cin = 0, {cout, sum} =  3530581412
PASS  ! a =  552265537, b =  783276381, cin = 1, {cout, sum} =  1335541919
PASS  ! a = 1391200677, b = 1778169299, cin = 1, {cout, sum} =  3169369977
PASS  ! a = 3216731263, b = 2008635375, cin = 1, {cout, sum} =  5225366639
PASS  ! a =   72592648, b = 1642654147, cin = 0, {cout, sum} =  1715246795
PASS  ! a = 1819766744, b = 1508856243, cin = 1, {cout, sum} =  3328622988
PASS  ! a = 3317096075, b = 2053830132, cin = 0, {cout, sum} =  5370926207
PASS  ! a = 1271880599, b = 2524942380, cin = 0, {cout, sum} =  3796822979
PASS  ! a = 2379594779, b =  692857682, cin = 0, {cout, sum} =  3072452461
PASS  ! a = 1661495238, b =  538655552, cin = 0, {cout, sum} =  2200150790
PASS  ! a = 1843535323, b = 2482334759, cin = 1, {cout, sum} =  4325870083
PASS  ! a = 2189243396, b =  202829080, cin = 1, {cout, sum} =  2392072477
PASS  ! a = 4268012284, b = 2240398347, cin = 1, {cout, sum} =  6508410632
PASS  ! a = 4120998123, b = 1416751016, cin = 1, {cout, sum} =  5537749140
PASS  ! a = 3139514998, b = 3123971700, cin = 0, {cout, sum} =  6263486698
PASS  ! a = 1513126324, b =  642522956, cin = 1, {cout, sum} =  2155649281
PASS  ! a =  113338125, b = 2681173055, cin = 1, {cout, sum} =  2794511181
PASS  ! a =  888075113, b = 1980984300, cin = 0, {cout, sum} =  2869059413
PASS  ! a = 2999932517, b =  215179545, cin = 1, {cout, sum} =  3215112063
PASS  ! a = 3643240114, b = 1383046052, cin = 0, {cout, sum} =  5026286166
PASS  ! a =  507930940, b =  959038834, cin = 0, {cout, sum} =  1466969774
PASS  ! a =  818548577, b = 1622514625, cin = 0, {cout, sum} =  2441063202
PASS  ! a =  885226857, b = 2841174610, cin = 0, {cout, sum} =  3726401467
PASS  ! a = 2513901611, b =   23696642, cin = 0, {cout, sum} =  2537598253
PASS  ! a = 1109135236, b = 1797780438, cin = 0, {cout, sum} =  2906915674
PASS  ! a = 1786554836, b = 1092094850, cin = 1, {cout, sum} =  2878649687
PASS  ! a = 2581878835, b =  732344663, cin = 1, {cout, sum} =  3314223499
PASS  ! a =  604978504, b = 3784179395, cin = 0, {cout, sum} =  4389157899
PASS  ! a = 4029443808, b =   20973314, cin = 0, {cout, sum} =  4050417122
PASS  ! a = 1036347259, b = 3778547394, cin = 1, {cout, sum} =  4814894654
PASS  ! a = 3766247104, b = 1899998178, cin = 1, {cout, sum} =  5666245283
PASS  ! a = 3000917093, b = 3794833604, cin = 0, {cout, sum} =  6795750697
PASS  ! a = 4057422051, b = 4008887005, cin = 0, {cout, sum} =  8066309056
PASS  ! a = 1687923657, b =  541374784, cin = 1, {cout, sum} =  2229298442
PASS  ! a = 1515045812, b =   55278342, cin = 1, {cout, sum} =  1570324155
PASS  ! a = 3744841406, b =  888716137, cin = 0, {cout, sum} =  4633557543
PASS  ! a = 1248223636, b =  649047373, cin = 0, {cout, sum} =  1897271009
PASS  ! a = 2041813491, b =  710074708, cin = 0, {cout, sum} =  2751888199
PASS  ! a = 2422634016, b = 1264222102, cin = 0, {cout, sum} =  3686856118
PASS  ! a = 2135778814, b = 1089844097, cin = 1, {cout, sum} =  3225622912
PASS  ! a = 1564532666, b = 3581478570, cin = 0, {cout, sum} =  5146011236
PASS  ! a =  499259195, b = 3285259911, cin = 1, {cout, sum} =  3784519107
PASS  ! a = 3501470369, b = 1995038701, cin = 1, {cout, sum} =  5496509071
PASS  ! a = 3938980565, b =  997354870, cin = 0, {cout, sum} =  4936335435
PASS  ! a =  534766911, b = 3343373454, cin = 1, {cout, sum} =  3878140366
PASS  ! a =  595642183, b = 3166417017, cin = 1, {cout, sum} =  3762059201
PASS  ! a = 2572707378, b = 2913434715, cin = 1, {cout, sum} =  5486142094
PASS  ! a =   60247303, b = 3666451637, cin = 0, {cout, sum} =  3726698940
PASS  ! a = 3951183063, b = 2016402928, cin = 0, {cout, sum} =  5967585991
PASS  ! a = 3866234060, b = 1603322815, cin = 1, {cout, sum} =  5469556876
PASS  ! a = 3585886379, b = 4269145852, cin = 0, {cout, sum} =  7855032231
PASS  ! a =   60774663, b = 1434040234, cin = 0, {cout, sum} =  1494814897
PASS  ! a = 1117820805, b =  373530924, cin = 0, {cout, sum} =  1491351729
PASS  ! a = 2959412832, b = 1879319008, cin = 1, {cout, sum} =  4838731841
PASS  ! a = 2707737666, b =  657508174, cin = 1, {cout, sum} =  3365245841
PASS  ! a = 3541777062, b = 2797137485, cin = 0, {cout, sum} =  6338914547
PASS  ! a = 2652973628, b = 2016962032, cin = 0, {cout, sum} =  4669935660
PASS  ! a = 3518607011, b =  225664794, cin = 1, {cout, sum} =  3744271806
PASS  ! a =   75933449, b =  456128822, cin = 1, {cout, sum} =   532062272
PASS  ! a = 1807791063, b = 3284743815, cin = 1, {cout, sum} =  5092534879
PASS  ! a =  374085420, b = 3435802265, cin = 1, {cout, sum} =  3809887686
PASS  ! a = 3496252064, b = 2367279130, cin = 0, {cout, sum} =  5863531194
PASS  ! a = 3730459324, b = 3968629465, cin = 1, {cout, sum} =  7699088790
PASS  ! a = 2359576601, b = 1053574525, cin = 1, {cout, sum} =  3413151127
PASS  ! a = 2071932918, b = 2262810637, cin = 0, {cout, sum} =  4334743555
PASS  ! a = 3518176419, b =  537168704, cin = 1, {cout, sum} =  4055345124
PASS  ! a = 4046449378, b = 2082729976, cin = 0, {cout, sum} =  6129179354
PASS  ! a = 3269279877, b = 2245496331, cin = 0, {cout, sum} =  5514776208
PASS  ! a =  849479525, b = 3396247700, cin = 1, {cout, sum} =  4245727226
PASS  ! a =  584020293, b = 3636879025, cin = 1, {cout, sum} =  4220899319
PASS  ! a = 3292757640, b =  341621544, cin = 0, {cout, sum} =  3634379184
PASS  ! a = 2330565653, b = 3020440680, cin = 1, {cout, sum} =  5351006334
PASS  ! a = 3914985682, b = 1579094460, cin = 1, {cout, sum} =  5494080143
PASS  ! a = 2214884360, b = 1693180873, cin = 0, {cout, sum} =  3908065233
PASS  ! a = 3478173342, b = 3534356645, cin = 0, {cout, sum} =  7012529987
PASS  ! a =  248652061, b = 2824297552, cin = 0, {cout, sum} =  3072949613
PASS  ! a = 4127065323, b = 3853522123, cin = 1, {cout, sum} =  7980587447
PASS  ! a = 2596391477, b = 2385472540, cin = 1, {cout, sum} =  4981864018
PASS  ! a =  602344263, b = 2211423239, cin = 0, {cout, sum} =  2813767502
PASS  ! a = 3306049674, b = 3593308844, cin = 0, {cout, sum} =  6899358518
PASS  ! a = 4148892910, b = 3910890194, cin = 1, {cout, sum} =  8059783105
PASS  ! a = 2925516892, b = 1466764718, cin = 0, {cout, sum} =  4392281610
PASS  ! a = 2289936912, b = 1457933229, cin = 0, {cout, sum} =  3747870141
PASS  ! a = 4096291560, b =   62341895, cin = 0, {cout, sum} =  4158633455
PASS  ! a =  131576591, b = 3967397080, cin = 0, {cout, sum} =  4098973671
PASS  ! a = 2476982311, b = 1230412178, cin = 0, {cout, sum} =  3707394489
PASS  ! a = 3108473970, b = 2334087190, cin = 1, {cout, sum} =  5442561161
PASS  ! a = 3743517374, b = 3925391059, cin = 0, {cout, sum} =  7668908433
PASS  ! a = 2571646002, b = 2628126265, cin = 0, {cout, sum} =  5199772267
PASS  ! a = 1795385302, b = 1122477445, cin = 1, {cout, sum} =  2917862748
PASS  ! a = 1120363909, b = 4232639224, cin = 0, {cout, sum} =  5353003133
PASS  ! a =  513104189, b = 1788993493, cin = 1, {cout, sum} =  2302097683
PASS  ! a = 3410144918, b = 3567421097, cin = 1, {cout, sum} =  6977566016
PASS  ! a = 2510909483, b = 3784934083, cin = 0, {cout, sum} =  6295843566
PASS  ! a =  706979668, b =  840039268, cin = 0, {cout, sum} =  1547018936
PASS  ! a = 1788765653, b = 3483527839, cin = 1, {cout, sum} =  5272293493
PASS  ! a = 3525506212, b = 4290506495, cin = 1, {cout, sum} =  7816012708
PASS  ! a =   87638282, b = 1431784362, cin = 0, {cout, sum} =  1519422644
PASS  ! a = 1463453102, b = 1443763628, cin = 1, {cout, sum} =  2907216731
PASS  ! a = 3648647858, b = 1216205712, cin = 0, {cout, sum} =  4864853570
PASS  ! a = 3245251202, b =  476955960, cin = 0, {cout, sum} =  3722207162
PASS  ! a = 3394435732, b =  875679080, cin = 0, {cout, sum} =  4270114812
PASS  ! a = 1953888232, b =  880387432, cin = 0, {cout, sum} =  2834275664
PASS  ! a = 1458308525, b = 2573157938, cin = 0, {cout, sum} =  4031466463
PASS  ! a = 3456693404, b = 1678134216, cin = 0, {cout, sum} =  5134827620
PASS  ! a = 2245493771, b = 2715000899, cin = 0, {cout, sum} =  4960494670
PASS  ! a = 3093277808, b =  733860183, cin = 1, {cout, sum} =  3827137992
PASS  ! a = 3630390960, b = 2951593055, cin = 0, {cout, sum} =  6581984015
PASS  ! a = 3693548728, b = 1527416246, cin = 0, {cout, sum} =  5220964974
PASS  ! a =  552370497, b = 3736409789, cin = 0, {cout, sum} =  4288780286
PASS  ! a = 3438616217, b = 2931063389, cin = 1, {cout, sum} =  6369679607
PASS  ! a = 2447213603, b = 2447370275, cin = 0, {cout, sum} =  4894583878
PASS  ! a = 3976450778, b = 3462019228, cin = 0, {cout, sum} =  7438470006
PASS  ! a = 4022358751, b =  319833382, cin = 1, {cout, sum} =  4342192134
PASS  ! a = 3367730321, b = 3182184571, cin = 1, {cout, sum} =  6549914893
PASS  ! a =  797621599, b = 3645914290, cin = 0, {cout, sum} =  4443535889
PASS  ! a = 3226713728, b =   18082050, cin = 0, {cout, sum} =  3244795778
PASS  ! a =  588128582, b = 3918855891, cin = 0, {cout, sum} =  4506984473
PASS  ! a = 3985882331, b = 2049744372, cin = 1, {cout, sum} =  6035626704
PASS  ! a = 3627158192, b = 3000037477, cin = 1, {cout, sum} =  6627195670
PASS  ! a = 3178835578, b =  255383838, cin = 1, {cout, sum} =  3434219417
PASS  ! a =  744607576, b = 1306319259, cin = 1, {cout, sum} =  2050926836
PASS  ! a = 2706281026, b = 3111754354, cin = 0, {cout, sum} =  5818035380
PASS  ! a = 2085957624, b =  289404706, cin = 1, {cout, sum} =  2375362331
PASS  ! a = 4168628464, b = 1225854866, cin = 0, {cout, sum} =  5394483330
PASS  ! a = 2031877618, b = 1654597573, cin = 1, {cout, sum} =  3686475192
PASS  ! a = 3556798632, b =  970467699, cin = 0, {cout, sum} =  4527266331
PASS  ! a = 3054809196, b = 2337996822, cin = 0, {cout, sum} =  5392806018
PASS  ! a = 3869945037, b =  189746454, cin = 1, {cout, sum} =  4059691492
PASS  ! a = 2822115920, b = 2208627207, cin = 0, {cout, sum} =  5030743127
PASS  ! a = 3356855952, b = 3734104253, cin = 0, {cout, sum} =  7090960205
PASS  ! a = 1037292923, b =  387155246, cin = 0, {cout, sum} =  1424448169
PASS  ! a =  389291822, b = 1475680687, cin = 1, {cout, sum} =  1864972510
PASS  ! a =  516306237, b = 3883740366, cin = 1, {cout, sum} =  4400046604
PASS  ! a = 4029013728, b =  381239597, cin = 0, {cout, sum} =  4410253325
PASS  ! a = 3080494191, b = 2527246381, cin = 1, {cout, sum} =  5607740573
PASS  ! a =   53864198, b =  871806311, cin = 0, {cout, sum} =   925670509
PASS  ! a = 2671985214, b =  888163689, cin = 0, {cout, sum} =  3560148903
PASS  ! a = 1451824045, b = 1387090853, cin = 0, {cout, sum} =  2838914898
PASS  ! a = 1564724666, b = 3948776662, cin = 0, {cout, sum} =  5513501328
PASS  ! a = 3385005715, b = 2376016923, cin = 0, {cout, sum} =  5761022638
PASS  ! a = 1200154511, b =  540324160, cin = 1, {cout, sum} =  1740478672
PASS  ! a = 3265962117, b =  744358744, cin = 0, {cout, sum} =  4010320861
PASS  ! a = 3377260690, b =   38319364, cin = 0, {cout, sum} =  3415580054
PASS  ! a = 1804894679, b =  800337759, cin = 0, {cout, sum} =  2605232438
PASS  ! a =  429621043, b = 3823267015, cin = 1, {cout, sum} =  4252888059
PASS  ! a = 2417867808, b = 2790258252, cin = 1, {cout, sum} =  5208126061
PASS  ! a = 3868079821, b =  242002204, cin = 0, {cout, sum} =  4110082025
PASS  ! a = 3665607860, b =   89806090, cin = 0, {cout, sum} =  3755413950
PASS  ! a = 4079760102, b =  698832211, cin = 0, {cout, sum} =  4778592313
PASS  ! a = 3950075094, b = 2774569034, cin = 1, {cout, sum} =  6724644129
PASS  ! a = 3365190289, b = 3840514761, cin = 1, {cout, sum} =  7205705051
PASS  ! a = 4036762337, b = 2998458981, cin = 1, {cout, sum} =  7035221319
PASS  ! a = 2547835951, b = 3065707629, cin = 1, {cout, sum} =  5613543581
PASS  ! a = 3905171153, b = 2303325202, cin = 1, {cout, sum} =  6208496356
PASS  ! a = 4039652577, b =  785087837, cin = 0, {cout, sum} =  4824740414
PASS  ! a =  592752966, b = 1180551052, cin = 0, {cout, sum} =  1773304018
PASS  ! a =  843332452, b = 4027758816, cin = 0, {cout, sum} =  4871091268
PASS  ! a = 2820189264, b = 2280065039, cin = 1, {cout, sum} =  5100254304
PASS  ! a = 1146039688, b = 3835561673, cin = 1, {cout, sum} =  4981601362
PASS  ! a = 2248036875, b = 2271336974, cin = 1, {cout, sum} =  4519373850
PASS  ! a = 1873909727, b =  173382932, cin = 0, {cout, sum} =  2047292659
PASS  ! a = 2070481398, b =  792162142, cin = 1, {cout, sum} =  2862643541
PASS  ! a = 3065177709, b = 1203808655, cin = 0, {cout, sum} =  4268986364
PASS  ! a = 1884984800, b =  609000776, cin = 1, {cout, sum} =  2493985577
PASS  ! a =  447814965, b = 2039512051, cin = 1, {cout, sum} =  2487327017
PASS  ! a = 3262854276, b =  841190244, cin = 0, {cout, sum} =  4104044520
PASS  ! a = 1833133530, b = 1299880346, cin = 1, {cout, sum} =  3133013877
PASS  ! a = 3704146105, b = 3333967501, cin = 0, {cout, sum} =  7038113606
PASS  ! a = 3629101744, b = 4104775913, cin = 1, {cout, sum} =  7733877658
PASS  ! a = 4034193632, b = 1677755336, cin = 1, {cout, sum} =  5711948969
PASS  ! a = 3745213118, b =  802081631, cin = 1, {cout, sum} =  4547294750
PASS  ! a = 1379534756, b = 3484808351, cin = 0, {cout, sum} =  4864343107
PASS  ! a = 1813969880, b =  546716993, cin = 0, {cout, sum} =  2360686873
PASS  ! a = 4012872926, b = 2262055437, cin = 1, {cout, sum} =  6274928364
PASS  ! a =  916750189, b = 2551181872, cin = 1, {cout, sum} =  3467932062
PASS  ! a = 3991215835, b = 1089557889, cin = 0, {cout, sum} =  5080773724
PASS  ! a = 2801359437, b = 3075180142, cin = 1, {cout, sum} =  5876539580
PASS  ! a = 3561778856, b = 1348031392, cin = 1, {cout, sum} =  4909810249
PASS  ! a = 4126859499, b = 2536801326, cin = 1, {cout, sum} =  6663660826
PASS  ! a = 3770329281, b =  378859821, cin = 0, {cout, sum} =  4149189102
PASS  ! a = 3833983689, b = 3195378812, cin = 0, {cout, sum} =  7029362501
PASS  ! a = 2617797176, b = 3385012883, cin = 0, {cout, sum} =  6002810059
PASS  ! a = 2794560077, b = 1609217471, cin = 1, {cout, sum} =  4403777549
PASS  ! a = 1956181481, b =  367922475, cin = 1, {cout, sum} =  2324103957
PASS  ! a = 3145510006, b =  568988483, cin = 0, {cout, sum} =  3714498489
PASS  ! a = 1573928379, b = 3997302492, cin = 1, {cout, sum} =  5571230872
PASS  ! a =  330722087, b = 1986819564, cin = 0, {cout, sum} =  2317541651
PASS  ! a = 1832917466, b = 3570445993, cin = 0, {cout, sum} =  5403363459
PASS  ! a = 1152001929, b = 3319544459, cin = 1, {cout, sum} =  4471546389
PASS  ! a =  781474141, b =  742823768, cin = 1, {cout, sum} =  1524297910
PASS  ! a = 1452661677, b = 3390274708, cin = 0, {cout, sum} =  4842936385
PASS  ! a = 1493559730, b = 2109446651, cin = 1, {cout, sum} =  3603006382
PASS  ! a =  481544505, b = 3838913737, cin = 0, {cout, sum} =  4320458242
PASS  ! a = 2765943369, b =  763798363, cin = 1, {cout, sum} =  3529741733
PASS  ! a = 3068078189, b = 3970776281, cin = 1, {cout, sum} =  7038854471
PASS  ! a =  625604938, b = 2495369257, cin = 1, {cout, sum} =  3120974196
PASS  ! a =   77313801, b = 1297332634, cin = 0, {cout, sum} =  1374646435
PASS  ! a = 2996698213, b =  163612435, cin = 1, {cout, sum} =  3160310649
PASS  ! a =  606625096, b = 1536093111, cin = 1, {cout, sum} =  2142718208
PASS  ! a =  178887957, b = 3239254146, cin = 0, {cout, sum} =  3418142103
PASS  ! a = 3305427082, b = 3546838694, cin = 1, {cout, sum} =  6852265777
PASS  ! a = 1221275537, b = 3359597712, cin = 0, {cout, sum} =  4580873249
PASS  ! a = 3423746200, b = 2389277212, cin = 0, {cout, sum} =  5813023412
PASS  ! a = 2767447625, b = 1603728831, cin = 1, {cout, sum} =  4371176457
PASS  ! a = 3090595952, b =  163690259, cin = 0, {cout, sum} =  3254286211
PASS  ! a = 4172019953, b = 3558809768, cin = 1, {cout, sum} =  7730829722
PASS  ! a =  288113442, b = 1071489407, cin = 1, {cout, sum} =  1359602850
PASS  ! a = 3403525781, b = 1641655235, cin = 1, {cout, sum} =  5045181017
PASS  ! a =  518120765, b =  380866349, cin = 0, {cout, sum} =   898987114
PASS  ! a = 2263846925, b = 3343933582, cin = 1, {cout, sum} =  5607780508
PASS  ! a = 3868769485, b =  600822087, cin = 1, {cout, sum} =  4469591573
PASS  ! a = 2037745138, b = 3188440188, cin = 1, {cout, sum} =  5226185327
PASS  ! a =  597910855, b =  954717041, cin = 0, {cout, sum} =  1552627896
PASS  ! a =  612428617, b = 2958853728, cin = 0, {cout, sum} =  3571282345
PASS  ! a = 1416670120, b = 4286332670, cin = 1, {cout, sum} =  5703002791
PASS  ! a = 3881287374, b = 1939894247, cin = 1, {cout, sum} =  5821181622
PASS  ! a =  826876770, b = 1339168671, cin = 1, {cout, sum} =  2166045442
PASS  ! a = 3239754370, b = 3068769901, cin = 1, {cout, sum} =  6308524272
PASS  ! a = 2833764945, b = 3612007598, cin = 0, {cout, sum} =  6445772543
PASS  ! a = 2476896295, b = 3903964881, cin = 1, {cout, sum} =  6380861177
PASS  ! a = 4292199679, b = 2078519287, cin = 0, {cout, sum} =  6370718966
PASS  ! a = 2879091799, b = 3271480965, cin = 1, {cout, sum} =  6150572765
PASS  ! a = 2586883636, b = 2791531084, cin = 1, {cout, sum} =  5378414721
PASS  ! a = 3836309193, b =  606373704, cin = 1, {cout, sum} =  4442682898
PASS  ! a = 2084875768, b = 2860493908, cin = 0, {cout, sum} =  4945369676
PASS  ! a = 1947815400, b = 2332526614, cin = 1, {cout, sum} =  4280342015
PASS  ! a = 1562418106, b = 3556851880, cin = 1, {cout, sum} =  5119269987
PASS  ! a = 2859093076, b =  680277329, cin = 1, {cout, sum} =  3539370406
PASS  ! a = 1863188446, b = 2712594499, cin = 0, {cout, sum} =  4575782945
PASS  ! a = 3283498119, b =  748172121, cin = 0, {cout, sum} =  4031670240
PASS  ! a = 1955825129, b = 1518841269, cin = 0, {cout, sum} =  3474666398
PASS  ! a = 2562743857, b = 1942950887, cin = 0, {cout, sum} =  4505694744
PASS  ! a = 2238357514, b = 3751015103, cin = 1, {cout, sum} =  5989372618
PASS  ! a = 2654200380, b =  871495015, cin = 1, {cout, sum} =  3525695396
PASS  ! a = 3180344955, b = 1414896552, cin = 0, {cout, sum} =  4595241507
PASS  ! a = 2371401754, b = 1737106895, cin = 1, {cout, sum} =  4108508650
PASS  ! a =  559428930, b = 1637818819, cin = 1, {cout, sum} =  2197247750
PASS  ! a = 1095224706, b = 3058088044, cin = 0, {cout, sum} =  4153312750
PASS  ! a = 4230756088, b = 1650048964, cin = 0, {cout, sum} =  5880805052
PASS  ! a =  895888746, b =  506802492, cin = 1, {cout, sum} =  1402691239
PASS  ! a =  341647656, b =  662865743, cin = 1, {cout, sum} =  1004513400
PASS  ! a = 2511282731, b = 3804044485, cin = 0, {cout, sum} =  6315327216
PASS  ! a = 3979331290, b =  543591744, cin = 1, {cout, sum} =  4522923035
PASS  ! a = 1729450446, b = 4043749602, cin = 1, {cout, sum} =  5773200049
PASS  ! a =  688686930, b =   98957579, cin = 0, {cout, sum} =   787644509
PASS  ! a = 3858946764, b =  775194972, cin = 1, {cout, sum} =  4634141737
PASS  ! a = 2692344384, b = 2605069878, cin = 1, {cout, sum} =  5297414263
PASS  ! a = 1119910789, b = 2996306021, cin = 1, {cout, sum} =  4116216811
PASS  ! a =  524962622, b =  484117305, cin = 0, {cout, sum} =  1009079927
PASS  ! a = 1330358686, b = 4257816827, cin = 1, {cout, sum} =  5588175514
PASS  ! a = 2686740544, b = 2089727481, cin = 0, {cout, sum} =  4776468025
PASS  ! a = 4024679135, b = 1648955332, cin = 1, {cout, sum} =  5673634468
PASS  ! a = 2135888382, b =  101781772, cin = 0, {cout, sum} =  2237670154
PASS  ! a =  525730110, b = 1947715048, cin = 1, {cout, sum} =  2473445159
PASS  ! a =  677888848, b = 1614133184, cin = 1, {cout, sum} =  2292022033
PASS  ! a = 2312168979, b = 3697583288, cin = 1, {cout, sum} =  6009752268
PASS  ! a = 1735147470, b = 2395544605, cin = 0, {cout, sum} =  4130692075
PASS  ! a =  348525865, b = 3309444746, cin = 1, {cout, sum} =  3657970612
PASS  ! a = 1950301672, b = 2279912463, cin = 0, {cout, sum} =  4230214135
PASS  ! a = 2418250272, b = 3406055574, cin = 0, {cout, sum} =  5824305846
PASS  ! a =  948959601, b = 2441741859, cin = 1, {cout, sum} =  3390701461
PASS  ! a =  887872873, b =  900894059, cin = 0, {cout, sum} =  1788766932
PASS  ! a = 3805076677, b = 3758939840, cin = 0, {cout, sum} =  7564016517
PASS  ! a = 4009038045, b = 3686022327, cin = 0, {cout, sum} =  7695060372
PASS  ! a = 3314098315, b = 1133797255, cin = 0, {cout, sum} =  4447895570
PASS  ! a = 2874607702, b = 2812294735, cin = 1, {cout, sum} =  5686902438
PASS  ! a = 2038261234, b =  180038421, cin = 1, {cout, sum} =  2218299656
PASS  ! a = 1926265317, b = 4258759931, cin = 1, {cout, sum} =  6185025249
PASS  ! a = 1762352082, b =  169245972, cin = 0, {cout, sum} =  1931598054
PASS  ! a = 3878359246, b = 1532166070, cin = 1, {cout, sum} =  5410525317
PASS  ! a =  116153101, b = 3828108488, cin = 1, {cout, sum} =  3944261590
PASS  ! a = 1013357432, b =  768337755, cin = 1, {cout, sum} =  1781695188
PASS  ! a =  645073740, b = 2871029846, cin = 1, {cout, sum} =  3516103587
PASS  ! a = 3929220308, b = 1176996748, cin = 0, {cout, sum} =  5106217056
PASS  ! a = 3934781653, b = 3038820458, cin = 1, {cout, sum} =  6973602112
PASS  ! a = 2281836048, b =  281928993, cin = 1, {cout, sum} =  2563765042
PASS  ! a = 3108591218, b = 1851265500, cin = 0, {cout, sum} =  4959856718
PASS  ! a = 2109094907, b =  609434952, cin = 0, {cout, sum} =  2718529859
PASS  ! a = 1156930441, b =  116433165, cin = 0, {cout, sum} =  1273363606
PASS  ! a = 3703252153, b = 1704773067, cin = 0, {cout, sum} =  5408025220
PASS  ! a =  931668335, b = 2171399682, cin = 0, {cout, sum} =  3103068017
PASS  ! a = 3238725250, b =  694696274, cin = 1, {cout, sum} =  3933421525
PASS  ! a =  355741482, b = 3445619866, cin = 0, {cout, sum} =  3801361348
PASS  ! a = 2003563502, b =  232687387, cin = 1, {cout, sum} =  2236250890
PASS  ! a = 2862485077, b = 3024904808, cin = 1, {cout, sum} =  5887389886
PASS  ! a = 1173093259, b = 4086916327, cin = 1, {cout, sum} =  5260009587
PASS  ! a = 2256731661, b = 1513258420, cin = 1, {cout, sum} =  3769990082
PASS  ! a = 2237942794, b =  876868968, cin = 1, {cout, sum} =  3114811763
PASS  ! a = 3274867334, b = 1628798914, cin = 0, {cout, sum} =  4903666248
PASS  ! a = 2928365149, b =  633234251, cin = 1, {cout, sum} =  3561599401
PASS  ! a = 1929580518, b = 1316984732, cin = 1, {cout, sum} =  3246565251
PASS  ! a = 2195572229, b = 3547106470, cin = 0, {cout, sum} =  5742678699
PASS  ! a = 2343149591, b =  332207399, cin = 1, {cout, sum} =  2675356991
PASS  ! a = 2171008002, b = 3424098456, cin = 1, {cout, sum} =  5595106459
PASS  ! a = 3743179966, b = 2110161403, cin = 1, {cout, sum} =  5853341370
PASS  ! a = 3509564578, b = 2710214211, cin = 1, {cout, sum} =  6219778790
PASS  ! a = 3177729658, b = 1171373451, cin = 1, {cout, sum} =  4349103110
PASS  ! a = 2799476301, b = 1876044255, cin = 0, {cout, sum} =  4675520556
PASS  ! a = 4053910243, b = 1992436717, cin = 1, {cout, sum} =  6046346961
PASS  ! a = 1489185201, b =  617026889, cin = 0, {cout, sum} =  2106212090
PASS  ! a =  483929913, b = 1091553154, cin = 0, {cout, sum} =  1575483067
PASS  ! a = 3296576136, b = 2102130682, cin = 1, {cout, sum} =  5398706819
PASS  ! a = 2897522265, b =  637356875, cin = 1, {cout, sum} =  3534879141
PASS  ! a = 3402037909, b = 1952828904, cin = 1, {cout, sum} =  5354866814
PASS  ! a =    2860800, b = 4277487869, cin = 1, {cout, sum} =  4280348670
PASS  ! a = 1780717524, b = 1628940226, cin = 0, {cout, sum} =  3409657750
PASS  ! a = 1802070998, b = 3324400268, cin = 1, {cout, sum} =  5126471267
PASS  ! a = 3601054381, b = 3936960725, cin = 1, {cout, sum} =  7538015107
PASS  ! a = 3840006345, b = 2535855662, cin = 0, {cout, sum} =  6375862007
PASS  ! a = 3301116553, b = 2143330303, cin = 0, {cout, sum} =  5444446856
PASS  ! a = 3895130832, b =  304315172, cin = 1, {cout, sum} =  4199446005
PASS  ! a = 1731182542, b = 3413554838, cin = 0, {cout, sum} =  5144737380
PASS  ! a = 3087706224, b = 2448409635, cin = 0, {cout, sum} =  5536115859
PASS  ! a = 1258345366, b = 3964601048, cin = 1, {cout, sum} =  5222946415
PASS  ! a = 1340024223, b = 1827059161, cin = 1, {cout, sum} =  3167083385
PASS  ! a = 3148028535, b = 2746887751, cin = 0, {cout, sum} =  5894916286
PASS  ! a =  894090602, b =  847095652, cin = 1, {cout, sum} =  1741186255
PASS  ! a = 2542102063, b = 2173416451, cin = 0, {cout, sum} =  4715518514
PASS  ! a = 2781506123, b = 1929491430, cin = 0, {cout, sum} =  4710997553
PASS  ! a = 4031488736, b = 3851055819, cin = 1, {cout, sum} =  7882544556
PASS  ! a = 2157934081, b = 2362232345, cin = 1, {cout, sum} =  4520166427
PASS  ! a = 1695611338, b = 3255064708, cin = 0, {cout, sum} =  4950676046
PASS  ! a = 2083787256, b =  704244563, cin = 0, {cout, sum} =  2788031819
PASS  ! a = 1258351510, b =   84738314, cin = 1, {cout, sum} =  1343089825
PASS  ! a = 3739417277, b = 4217378038, cin = 0, {cout, sum} =  7956795315
PASS  ! a = 1615821760, b = 2731496005, cin = 1, {cout, sum} =  4347317766
PASS  ! a = 3318357131, b = 3244068994, cin = 0, {cout, sum} =  6562426125
PASS  ! a = 1599621054, b =  437920052, cin = 1, {cout, sum} =  2037541107
PASS  ! a =  823144290, b = 1219758481, cin = 0, {cout, sum} =  2042902771
PASS  ! a = 1131193734, b =  621791562, cin = 1, {cout, sum} =  1752985297
PASS  ! a = 1137004935, b = 2576521267, cin = 0, {cout, sum} =  3713526202
PASS  ! a = 3734555325, b = 3399537813, cin = 0, {cout, sum} =  7134093138
PASS  ! a = 2521216044, b = 2691891264, cin = 0, {cout, sum} =  5213107308
PASS  ! a = 1869080542, b = 1647943108, cin = 1, {cout, sum} =  3517023651
PASS  ! a = 3570217641, b =   74757896, cin = 0, {cout, sum} =  3644975537
PASS  ! a = 2809088078, b =   30073603, cin = 0, {cout, sum} =  2839161681
PASS  ! a = 1485762993, b =  476647736, cin = 0, {cout, sum} =  1962410729
PASS  ! a = 4146624238, b = 1863677406, cin = 1, {cout, sum} =  6010301645
PASS  ! a = 2828797009, b = 4087308007, cin = 1, {cout, sum} =  6916105017
PASS  ! a = 1768052690, b = 3084962927, cin = 1, {cout, sum} =  4853015618
PASS  ! a =  140380432, b = 2167933954, cin = 1, {cout, sum} =  2308314387
PASS  ! a = 3494987936, b =  964998003, cin = 0, {cout, sum} =  4459985939
PASS  ! a =  476236600, b = 2290533393, cin = 0, {cout, sum} =  2766769993
PASS  ! a = 4026944224, b = 3471693981, cin = 1, {cout, sum} =  7498638206
PASS  ! a = 1792664021, b = 2127268349, cin = 0, {cout, sum} =  3919932370
PASS  ! a = 2647986235, b = 1157987210, cin = 0, {cout, sum} =  3805973445
PASS  ! a = 3287108231, b =  977984372, cin = 1, {cout, sum} =  4265092604
PASS  ! a = 3924899027, b = 3357804176, cin = 0, {cout, sum} =  7282703203
PASS  ! a = 2665289789, b = 2290931729, cin = 0, {cout, sum} =  4956221518
PASS  ! a = 1212826512, b = 3925258963, cin = 1, {cout, sum} =  5138085476
PASS  ! a = 3817211591, b =   88824074, cin = 0, {cout, sum} =  3906035665
PASS  ! a = 3211717246, b = 3590332588, cin = 1, {cout, sum} =  6802049835
PASS  ! a = 2629507129, b =  425135922, cin = 0, {cout, sum} =  3054643051
PASS  ! a = 1476334511, b = 2073820663, cin = 0, {cout, sum} =  3550155174
PASS  ! a = 1587168189, b = 3631984304, cin = 1, {cout, sum} =  5219152494
PASS  ! a = 3438608537, b = 2402133022, cin = 0, {cout, sum} =  5840741559
PASS  ! a = 4106487017, b = 4146791150, cin = 0, {cout, sum} =  8253278167
PASS  ! a = 3301798537, b = 2028060657, cin = 1, {cout, sum} =  5329859195
PASS  ! a = 3743286462, b =  880218984, cin = 1, {cout, sum} =  4623505447
PASS  ! a =  358009130, b = 1177213836, cin = 1, {cout, sum} =  1535222967
PASS  ! a = 1888009697, b = 3399697557, cin = 1, {cout, sum} =  5287707255
PASS  ! a = 2947488351, b = 2883656279, cin = 1, {cout, sum} =  5831144631
PASS  ! a = 3115322995, b = 2958325856, cin = 0, {cout, sum} =  6073648851
PASS  ! a = 1069112191, b = 3383542931, cin = 0, {cout, sum} =  4452655122
PASS  ! a = 4208912629, b =  505948988, cin = 0, {cout, sum} =  4714861617
PASS  ! a =  974224244, b = 3693343928, cin = 1, {cout, sum} =  4667568173
PASS  ! a = 3531466404, b = 3627717808, cin = 1, {cout, sum} =  7159184213
PASS  ! a = 1967622122, b =  298002723, cin = 1, {cout, sum} =  2265624846
PASS  ! a = 4070894821, b = 2565065265, cin = 1, {cout, sum} =  6635960087
PASS  ! a = 1860815325, b = 2007561199, cin = 1, {cout, sum} =  3868376525
PASS  ! a = 2263338509, b = 2578700851, cin = 1, {cout, sum} =  4842039361
PASS  ! a = 1923474917, b =  498895163, cin = 0, {cout, sum} =  2422370080
PASS  ! a = 3427134104, b =  158725394, cin = 1, {cout, sum} =  3585859499
PASS  ! a = 4052285667, b = 1453815725, cin = 0, {cout, sum} =  5506101392
PASS  ! a = 1608829887, b =  834830179, cin = 0, {cout, sum} =  2443660066
PASS  ! a = 3777414338, b =  113912589, cin = 0, {cout, sum} =  3891326927
============================================================================

 \(^o^)/ CONGRATULATIONS!! All the simulation result is PASS!!!

============================================================================
$finish called from file "./testbench/tb_adder.sv", line 112.
$finish at simulation time 10030.0 ns
           V C S   S i m u l a t i o n   R e p o r t 
Time: 10030000 ps
CPU Time:      0.160 seconds;       Data structure size:   0.0Mb
Thu Mar 27 13:39:48 2025
CPU time: .327 seconds to compile + .218 seconds to elab + .193 seconds to link + .195 seconds in simulation
Verdi KDB elaboration done and the database successfully generated: 0 error(s), 0 warning(s)
